Using pre-set license
Built from '2020.3/release' branch; Version is '2020.3.12f1 (b3b2c6512326) revision 11776710'; Using compiler version '192528614'; Build Type 'Release'
OS: 'Windows 10 Pro; OS build 19042.1052; Version 2009; 64bit' Language: 'ru' Physical Memory: 8145 MB
BatchMode: 1, IsHumanControllingUs: 0, StartBugReporterOnCrash: 0, Is64bit: 1, IsPro: 0

 COMMAND LINE ARGUMENTS:
E:\Unity\Editor\2020.3.12f1\Editor\Unity.exe
-adb2
-batchMode
-noUpm
-name
AssetImportWorker0
-projectPath
E:/Desktop/CardsNMonsters
-logFile
Logs/AssetImportWorker0.log
-srvPort
61703
Successfully changed project path to: E:/Desktop/CardsNMonsters
E:/Desktop/CardsNMonsters
Using Asset Import Pipeline V2.
Refreshing native plugins compatible for Editor in 56.34 ms, found 3 plugins.
Preloading 0 native plugins for Editor in 0.00 ms.
Initialize engine version: 2020.3.12f1 (b3b2c6512326)
[Subsystems] Discovering subsystems at path E:/Unity/Editor/2020.3.12f1/Editor/Data/Resources/UnitySubsystems
[Subsystems] Discovering subsystems at path E:/Desktop/CardsNMonsters/Assets
GfxDevice: creating device client; threaded=0
Direct3D:
    Version:  Direct3D 11.0 [level 11.1]
    Renderer: NVIDIA GeForce GTX 1050 Ti (ID=0x1c82)
    Vendor:   
    VRAM:     4018 MB
    Driver:   27.21.14.5751
Initialize mono
Mono path[0] = 'E:/Unity/Editor/2020.3.12f1/Editor/Data/Managed'
Mono path[1] = 'E:/Unity/Editor/2020.3.12f1/Editor/Data/MonoBleedingEdge/lib/mono/unityjit'
Mono config path = 'E:/Unity/Editor/2020.3.12f1/Editor/Data/MonoBleedingEdge/etc'
Using monoOptions --debugger-agent=transport=dt_socket,embedding=1,server=y,suspend=n,address=127.0.0.1:56192
Begin MonoManager ReloadAssembly
Registering precompiled unity dll's ...
Register platform support module: E:/Unity/Editor/2020.3.12f1/Editor/Data/PlaybackEngines/WindowsStandaloneSupport/UnityEditor.WindowsStandalone.Extensions.dll
Registered in 0.001601 seconds.
Native extension for WindowsStandalone target not found
Refreshing native plugins compatible for Editor in 62.39 ms, found 3 plugins.
Preloading 0 native plugins for Editor in 0.00 ms.
Mono: successfully reloaded assembly
- Completed reload, in  1.247 seconds
Platform modules already initialized, skipping
Registering precompiled user dll's ...
Registered in 0.003959 seconds.
Begin MonoManager ReloadAssembly
Native extension for WindowsStandalone target not found
Refreshing native plugins compatible for Editor in 87.43 ms, found 3 plugins.
Preloading 0 native plugins for Editor in 0.00 ms.
Mono: successfully reloaded assembly
- Completed reload, in  1.547 seconds
Platform modules already initialized, skipping
========================================================================
Worker process is ready to serve import requests
Launched and connected shader compiler UnityShaderCompiler.exe after 0.07 seconds
Refreshing native plugins compatible for Editor in 0.58 ms, found 3 plugins.
Preloading 0 native plugins for Editor in 0.00 ms.
Unloading 2146 Unused Serialized files (Serialized files now loaded: 0)
System memory in use before: 96.7 MB.
System memory in use after: 96.7 MB.

Unloading 33 unused Assets to reduce memory usage. Loaded Objects now: 2583.
Total: 2.538300 ms (FindLiveObjects: 0.208900 ms CreateObjectMapping: 0.097500 ms MarkObjects: 2.049800 ms  DeleteObjects: 0.181000 ms)

AssetImportParameters requested are different than current active one (requested -> active):
  custom:framework-win-MediaFoundation: 216162199b28c13a410421893ffa2e32 -> 
  custom:video-decoder-ogg-theora: a1e56fd34408186e4bbccfd4996cb3dc -> 
  custom:container-muxer-webm: aa71ff27fc2769a1b78a27578f13a17b -> 
  custom:container-demuxer-webm: 4f35f7cbe854078d1ac9338744f61a02 -> 
  custom:container-demuxer-ogg: 62fdf1f143b41e24485cea50d1cbac27 -> 
  custom:video-encoder-webm-vp8: eb34c28f22e8b96e1ab97ce403110664 -> 
  custom:video-decoder-webm-vp8: 9c59270c3fd7afecdb556c50c9e8de78 -> 
  custom:audio-decoder-ogg-vorbis: bf7c407c2cedff20999df2af8eb42d56 -> 
  custom:audio-encoder-webm-vorbis: bf7c407c2cedff20999df2af8eb42d56 -> 
========================================================================
Received Import Request.
  path: Assets/Graphics/DungeonExit.png
  artifactKey: Guid(9e1afe95eeb2fbd459e6319cff305ded) Importer(815301076,1909f56bfc062723c751e8b465ee728b)
Start importing Assets/Graphics/DungeonExit.png using Guid(9e1afe95eeb2fbd459e6319cff305ded) Importer(815301076,1909f56bfc062723c751e8b465ee728b)  -> (artifact id: 'bf8bcf7d93f68ffa305db24aeae24aa4') in 0.268796 seconds 
  Import took 0.309310 seconds .

========================================================================
Received Import Request.
  Time since last request: 0.000392 seconds.
  path: Assets/Graphics/DungeonEntrance.png
  artifactKey: Guid(fc374f2353fb83a4aaf9fa63e863480a) Importer(815301076,1909f56bfc062723c751e8b465ee728b)
Start importing Assets/Graphics/DungeonEntrance.png using Guid(fc374f2353fb83a4aaf9fa63e863480a) Importer(815301076,1909f56bfc062723c751e8b465ee728b)  -> (artifact id: 'f9aefa1a4d5b7dc175a4fe64824b4926') in 0.019545 seconds 
  Import took 0.046914 seconds .

========================================================================
Received Import Request.
  Time since last request: 34.897320 seconds.
  path: Assets/Graphics/Tilemap/Mountain.png
  artifactKey: Guid(3773fd5d0028975479ac73bf37cffac6) Importer(815301076,1909f56bfc062723c751e8b465ee728b)
Start importing Assets/Graphics/Tilemap/Mountain.png using Guid(3773fd5d0028975479ac73bf37cffac6) Importer(815301076,1909f56bfc062723c751e8b465ee728b)  -> (artifact id: 'ff762b7aaacf075947205f9545e75b83') in 0.014293 seconds 
  Import took 0.055411 seconds .

========================================================================
Received Import Request.
  Time since last request: 0.010007 seconds.
  path: Assets/Graphics/Tilemap/Mountain.png
  artifactKey: Guid(3773fd5d0028975479ac73bf37cffac6) Importer(815301076,1909f56bfc062723c751e8b465ee728b)
Start importing Assets/Graphics/Tilemap/Mountain.png using Guid(3773fd5d0028975479ac73bf37cffac6) Importer(815301076,1909f56bfc062723c751e8b465ee728b)  -> (artifact id: 'ff762b7aaacf075947205f9545e75b83') in 0.028569 seconds 
  Import took 0.032798 seconds .

========================================================================
Received Import Request.
  Time since last request: 10.225841 seconds.
  path: Assets/Graphics/Tilemap/Mountain.png
  artifactKey: Guid(3773fd5d0028975479ac73bf37cffac6) Importer(815301076,1909f56bfc062723c751e8b465ee728b)
Start importing Assets/Graphics/Tilemap/Mountain.png using Guid(3773fd5d0028975479ac73bf37cffac6) Importer(815301076,1909f56bfc062723c751e8b465ee728b)  -> (artifact id: 'cb7b0b9af2f5077a7f027363fe088fd1') in 0.023317 seconds 
  Import took 0.028866 seconds .

========================================================================
Received Import Request.
  Time since last request: 21.653154 seconds.
  path: Assets/Graphics/Tilemap/Mountain.png
  artifactKey: Guid(3773fd5d0028975479ac73bf37cffac6) Importer(815301076,1909f56bfc062723c751e8b465ee728b)
Start importing Assets/Graphics/Tilemap/Mountain.png using Guid(3773fd5d0028975479ac73bf37cffac6) Importer(815301076,1909f56bfc062723c751e8b465ee728b)  -> (artifact id: '1cf8b08610be17a95a134fd1630a2166') in 0.017842 seconds 
  Import took 0.068376 seconds .

========================================================================
Received Import Request.
  Time since last request: 175.590009 seconds.
  path: Assets/Graphics/Tilemap/SpriteAtlas.spriteatlas
  artifactKey: Guid(ad3d1abbf203840439dec8ccca87eef3) Importer(815301076,1909f56bfc062723c751e8b465ee728b)
Start importing Assets/Graphics/Tilemap/SpriteAtlas.spriteatlas using Guid(ad3d1abbf203840439dec8ccca87eef3) Importer(815301076,1909f56bfc062723c751e8b465ee728b)  -> (artifact id: '7abf2c56a2c302f1e39ff9d03e9a7b21') in 0.019461 seconds 
  Import took 0.031040 seconds .

========================================================================
Received Import Request.
  Time since last request: 919.834772 seconds.
  path: Assets/TextureToTiles.cs
  artifactKey: Guid(5cebfb57c9a59ff4791408e284d8f534) Importer(815301076,1909f56bfc062723c751e8b465ee728b)
Start importing Assets/TextureToTiles.cs using Guid(5cebfb57c9a59ff4791408e284d8f534) Importer(815301076,1909f56bfc062723c751e8b465ee728b)  -> (artifact id: '41507ef627b5c5b5ec27b701a2bf3f08') in 0.034612 seconds 
  Import took 0.062334 seconds .

========================================================================
Received Prepare
Registering precompiled user dll's ...
Registered in 0.098890 seconds.
Begin MonoManager ReloadAssembly
Native extension for WindowsStandalone target not found
Refreshing native plugins compatible for Editor in 0.51 ms, found 3 plugins.
Preloading 0 native plugins for Editor in 0.00 ms.
Mono: successfully reloaded assembly
- Completed reload, in  1.216 seconds
Platform modules already initialized, skipping
Refreshing native plugins compatible for Editor in 0.51 ms, found 3 plugins.
Preloading 0 native plugins for Editor in 0.00 ms.
Unloading 2129 Unused Serialized files (Serialized files now loaded: 0)
System memory in use before: 98.5 MB.
System memory in use after: 98.5 MB.

Unloading 22 unused Assets to reduce memory usage. Loaded Objects now: 2596.
Total: 2.303100 ms (FindLiveObjects: 0.200100 ms CreateObjectMapping: 0.084200 ms MarkObjects: 1.878700 ms  DeleteObjects: 0.139300 ms)

AssetImportParameters requested are different than current active one (requested -> active):
  custom:framework-win-MediaFoundation: 216162199b28c13a410421893ffa2e32 -> 
  custom:video-decoder-ogg-theora: a1e56fd34408186e4bbccfd4996cb3dc -> 
  custom:container-muxer-webm: aa71ff27fc2769a1b78a27578f13a17b -> 
  custom:container-demuxer-webm: 4f35f7cbe854078d1ac9338744f61a02 -> 
  custom:container-demuxer-ogg: 62fdf1f143b41e24485cea50d1cbac27 -> 
  custom:video-encoder-webm-vp8: eb34c28f22e8b96e1ab97ce403110664 -> 
  custom:video-decoder-webm-vp8: 9c59270c3fd7afecdb556c50c9e8de78 -> 
  custom:audio-decoder-ogg-vorbis: bf7c407c2cedff20999df2af8eb42d56 -> 
  custom:audio-encoder-webm-vorbis: bf7c407c2cedff20999df2af8eb42d56 -> 
========================================================================
Received Import Request.
  Time since last request: 673.289793 seconds.
  path: Assets/TextureToTiles.cs
  artifactKey: Guid(5cebfb57c9a59ff4791408e284d8f534) Importer(815301076,1909f56bfc062723c751e8b465ee728b)
Start importing Assets/TextureToTiles.cs using Guid(5cebfb57c9a59ff4791408e284d8f534) Importer(815301076,1909f56bfc062723c751e8b465ee728b)  -> (artifact id: '5413cf26138f231286694c48d76fd3ef') in 0.007143 seconds 
  Import took 0.043145 seconds .

========================================================================
Received Prepare
Registering precompiled user dll's ...
Registered in 0.006719 seconds.
Begin MonoManager ReloadAssembly
Native extension for WindowsStandalone target not found
Refreshing native plugins compatible for Editor in 0.50 ms, found 3 plugins.
Preloading 0 native plugins for Editor in 0.00 ms.
Mono: successfully reloaded assembly
- Completed reload, in  1.247 seconds
Platform modules already initialized, skipping
Refreshing native plugins compatible for Editor in 0.57 ms, found 3 plugins.
Preloading 0 native plugins for Editor in 0.00 ms.
Unloading 2129 Unused Serialized files (Serialized files now loaded: 0)
System memory in use before: 98.5 MB.
System memory in use after: 98.4 MB.

Unloading 21 unused Assets to reduce memory usage. Loaded Objects now: 2600.
Total: 2.498000 ms (FindLiveObjects: 0.208700 ms CreateObjectMapping: 0.085200 ms MarkObjects: 1.921700 ms  DeleteObjects: 0.281300 ms)

AssetImportParameters requested are different than current active one (requested -> active):
  custom:framework-win-MediaFoundation: 216162199b28c13a410421893ffa2e32 -> 
  custom:video-decoder-ogg-theora: a1e56fd34408186e4bbccfd4996cb3dc -> 
  custom:container-muxer-webm: aa71ff27fc2769a1b78a27578f13a17b -> 
  custom:container-demuxer-webm: 4f35f7cbe854078d1ac9338744f61a02 -> 
  custom:container-demuxer-ogg: 62fdf1f143b41e24485cea50d1cbac27 -> 
  custom:video-encoder-webm-vp8: eb34c28f22e8b96e1ab97ce403110664 -> 
  custom:video-decoder-webm-vp8: 9c59270c3fd7afecdb556c50c9e8de78 -> 
  custom:audio-decoder-ogg-vorbis: bf7c407c2cedff20999df2af8eb42d56 -> 
  custom:audio-encoder-webm-vorbis: bf7c407c2cedff20999df2af8eb42d56 -> 
========================================================================
Received Import Request.
  Time since last request: 298.646483 seconds.
  path: Assets/Graphics/Placeholders/WorldMap.png
  artifactKey: Guid(123b8bbb9c7a3ad4d895d2f084e12e17) Importer(815301076,1909f56bfc062723c751e8b465ee728b)
Start importing Assets/Graphics/Placeholders/WorldMap.png using Guid(123b8bbb9c7a3ad4d895d2f084e12e17) Importer(815301076,1909f56bfc062723c751e8b465ee728b)  -> (artifact id: '1e38c0413e9dfcd2c0ecb7a7ca90296a') in 0.099912 seconds 
  Import took 0.134676 seconds .

========================================================================
Received Import Request.
  Time since last request: 0.000673 seconds.
  path: Assets/Graphics/Placeholders/WorldMap.png
  artifactKey: Guid(123b8bbb9c7a3ad4d895d2f084e12e17) Importer(815301076,1909f56bfc062723c751e8b465ee728b)
Start importing Assets/Graphics/Placeholders/WorldMap.png using Guid(123b8bbb9c7a3ad4d895d2f084e12e17) Importer(815301076,1909f56bfc062723c751e8b465ee728b)  -> (artifact id: '1e38c0413e9dfcd2c0ecb7a7ca90296a') in 0.023813 seconds 
  Import took 0.034286 seconds .

========================================================================
Received Prepare
Registering precompiled user dll's ...
Registered in 0.006107 seconds.
Begin MonoManager ReloadAssembly
Native extension for WindowsStandalone target not found
Refreshing native plugins compatible for Editor in 0.91 ms, found 3 plugins.
Preloading 0 native plugins for Editor in 0.00 ms.
Mono: successfully reloaded assembly
- Completed reload, in  1.345 seconds
Platform modules already initialized, skipping
Refreshing native plugins compatible for Editor in 0.67 ms, found 3 plugins.
Preloading 0 native plugins for Editor in 0.00 ms.
Unloading 2129 Unused Serialized files (Serialized files now loaded: 0)
System memory in use before: 98.5 MB.
System memory in use after: 98.5 MB.

Unloading 21 unused Assets to reduce memory usage. Loaded Objects now: 2607.
Total: 2.390000 ms (FindLiveObjects: 0.202000 ms CreateObjectMapping: 0.086300 ms MarkObjects: 1.956400 ms  DeleteObjects: 0.144100 ms)

AssetImportParameters requested are different than current active one (requested -> active):
  custom:framework-win-MediaFoundation: 216162199b28c13a410421893ffa2e32 -> 
  custom:video-decoder-ogg-theora: a1e56fd34408186e4bbccfd4996cb3dc -> 
  custom:container-muxer-webm: aa71ff27fc2769a1b78a27578f13a17b -> 
  custom:container-demuxer-webm: 4f35f7cbe854078d1ac9338744f61a02 -> 
  custom:container-demuxer-ogg: 62fdf1f143b41e24485cea50d1cbac27 -> 
  custom:video-encoder-webm-vp8: eb34c28f22e8b96e1ab97ce403110664 -> 
  custom:video-decoder-webm-vp8: 9c59270c3fd7afecdb556c50c9e8de78 -> 
  custom:audio-decoder-ogg-vorbis: bf7c407c2cedff20999df2af8eb42d56 -> 
  custom:audio-encoder-webm-vorbis: bf7c407c2cedff20999df2af8eb42d56 -> 
========================================================================
Received Prepare
Registering precompiled user dll's ...
Registered in 0.004081 seconds.
Begin MonoManager ReloadAssembly
Native extension for WindowsStandalone target not found
Refreshing native plugins compatible for Editor in 0.85 ms, found 3 plugins.
Preloading 0 native plugins for Editor in 0.00 ms.
Mono: successfully reloaded assembly
- Completed reload, in  1.320 seconds
Platform modules already initialized, skipping
Refreshing native plugins compatible for Editor in 0.54 ms, found 3 plugins.
Preloading 0 native plugins for Editor in 0.00 ms.
Unloading 2129 Unused Serialized files (Serialized files now loaded: 0)
System memory in use before: 98.5 MB.
System memory in use after: 98.5 MB.

Unloading 21 unused Assets to reduce memory usage. Loaded Objects now: 2611.
Total: 2.564800 ms (FindLiveObjects: 0.195300 ms CreateObjectMapping: 0.080200 ms MarkObjects: 2.135600 ms  DeleteObjects: 0.152600 ms)

AssetImportParameters requested are different than current active one (requested -> active):
  custom:framework-win-MediaFoundation: 216162199b28c13a410421893ffa2e32 -> 
  custom:video-decoder-ogg-theora: a1e56fd34408186e4bbccfd4996cb3dc -> 
  custom:container-muxer-webm: aa71ff27fc2769a1b78a27578f13a17b -> 
  custom:container-demuxer-webm: 4f35f7cbe854078d1ac9338744f61a02 -> 
  custom:container-demuxer-ogg: 62fdf1f143b41e24485cea50d1cbac27 -> 
  custom:video-encoder-webm-vp8: eb34c28f22e8b96e1ab97ce403110664 -> 
  custom:video-decoder-webm-vp8: 9c59270c3fd7afecdb556c50c9e8de78 -> 
  custom:audio-decoder-ogg-vorbis: bf7c407c2cedff20999df2af8eb42d56 -> 
  custom:audio-encoder-webm-vorbis: bf7c407c2cedff20999df2af8eb42d56 -> 
========================================================================
Received Prepare
Registering precompiled user dll's ...
Registered in 0.009056 seconds.
Begin MonoManager ReloadAssembly
Native extension for WindowsStandalone target not found
Refreshing native plugins compatible for Editor in 0.50 ms, found 3 plugins.
Preloading 0 native plugins for Editor in 0.00 ms.
Mono: successfully reloaded assembly
- Completed reload, in  1.340 seconds
Platform modules already initialized, skipping
Refreshing native plugins compatible for Editor in 0.86 ms, found 3 plugins.
Preloading 0 native plugins for Editor in 0.00 ms.
Unloading 2129 Unused Serialized files (Serialized files now loaded: 0)
System memory in use before: 98.5 MB.
System memory in use after: 98.5 MB.

Unloading 21 unused Assets to reduce memory usage. Loaded Objects now: 2615.
Total: 3.126800 ms (FindLiveObjects: 0.241700 ms CreateObjectMapping: 0.130500 ms MarkObjects: 2.632500 ms  DeleteObjects: 0.120700 ms)

AssetImportParameters requested are different than current active one (requested -> active):
  custom:framework-win-MediaFoundation: 216162199b28c13a410421893ffa2e32 -> 
  custom:video-decoder-ogg-theora: a1e56fd34408186e4bbccfd4996cb3dc -> 
  custom:container-muxer-webm: aa71ff27fc2769a1b78a27578f13a17b -> 
  custom:container-demuxer-webm: 4f35f7cbe854078d1ac9338744f61a02 -> 
  custom:container-demuxer-ogg: 62fdf1f143b41e24485cea50d1cbac27 -> 
  custom:video-encoder-webm-vp8: eb34c28f22e8b96e1ab97ce403110664 -> 
  custom:video-decoder-webm-vp8: 9c59270c3fd7afecdb556c50c9e8de78 -> 
  custom:audio-decoder-ogg-vorbis: bf7c407c2cedff20999df2af8eb42d56 -> 
  custom:audio-encoder-webm-vorbis: bf7c407c2cedff20999df2af8eb42d56 -> 
========================================================================
Received Import Request.
  Time since last request: 273.042846 seconds.
  path: Assets/Graphics/Tilemap/SpriteAtlas.spriteatlas
  artifactKey: Guid(ad3d1abbf203840439dec8ccca87eef3) Importer(815301076,1909f56bfc062723c751e8b465ee728b)
Start importing Assets/Graphics/Tilemap/SpriteAtlas.spriteatlas using Guid(ad3d1abbf203840439dec8ccca87eef3) Importer(815301076,1909f56bfc062723c751e8b465ee728b)  -> (artifact id: '082c86ec4d0bdb38375bc600c4a46989') in 0.022205 seconds 
  Import took 0.050299 seconds .

========================================================================
Received Prepare
Registering precompiled user dll's ...
Registered in 0.004217 seconds.
Begin MonoManager ReloadAssembly
Native extension for WindowsStandalone target not found
Refreshing native plugins compatible for Editor in 0.50 ms, found 3 plugins.
Preloading 0 native plugins for Editor in 0.00 ms.
Mono: successfully reloaded assembly
- Completed reload, in  1.235 seconds
Platform modules already initialized, skipping
Refreshing native plugins compatible for Editor in 0.52 ms, found 3 plugins.
Preloading 0 native plugins for Editor in 0.00 ms.
Unloading 2129 Unused Serialized files (Serialized files now loaded: 0)
System memory in use before: 98.6 MB.
System memory in use after: 98.6 MB.

Unloading 22 unused Assets to reduce memory usage. Loaded Objects now: 2619.
Total: 2.474100 ms (FindLiveObjects: 0.248800 ms CreateObjectMapping: 0.190200 ms MarkObjects: 1.912300 ms  DeleteObjects: 0.121800 ms)

AssetImportParameters requested are different than current active one (requested -> active):
  custom:framework-win-MediaFoundation: 216162199b28c13a410421893ffa2e32 -> 
  custom:video-decoder-ogg-theora: a1e56fd34408186e4bbccfd4996cb3dc -> 
  custom:container-muxer-webm: aa71ff27fc2769a1b78a27578f13a17b -> 
  custom:container-demuxer-webm: 4f35f7cbe854078d1ac9338744f61a02 -> 
  custom:container-demuxer-ogg: 62fdf1f143b41e24485cea50d1cbac27 -> 
  custom:video-encoder-webm-vp8: eb34c28f22e8b96e1ab97ce403110664 -> 
  custom:video-decoder-webm-vp8: 9c59270c3fd7afecdb556c50c9e8de78 -> 
  custom:audio-decoder-ogg-vorbis: bf7c407c2cedff20999df2af8eb42d56 -> 
  custom:audio-encoder-webm-vorbis: bf7c407c2cedff20999df2af8eb42d56 -> 
========================================================================
Received Import Request.
  Time since last request: 17.041898 seconds.
  path: Assets/Graphics/Placeholders/WorldMap.png
  artifactKey: Guid(123b8bbb9c7a3ad4d895d2f084e12e17) Importer(815301076,1909f56bfc062723c751e8b465ee728b)
Start importing Assets/Graphics/Placeholders/WorldMap.png using Guid(123b8bbb9c7a3ad4d895d2f084e12e17) Importer(815301076,1909f56bfc062723c751e8b465ee728b)  -> (artifact id: '81d660d6a622eaaaeeca92cfa4195f68') in 0.068938 seconds 
  Import took 0.093940 seconds .

========================================================================
Received Import Request.
  Time since last request: 0.005397 seconds.
  path: Assets/Graphics/Placeholders/WorldMap.png
  artifactKey: Guid(123b8bbb9c7a3ad4d895d2f084e12e17) Importer(815301076,1909f56bfc062723c751e8b465ee728b)
Start importing Assets/Graphics/Placeholders/WorldMap.png using Guid(123b8bbb9c7a3ad4d895d2f084e12e17) Importer(815301076,1909f56bfc062723c751e8b465ee728b)  -> (artifact id: '81d660d6a622eaaaeeca92cfa4195f68') in 0.016079 seconds 
  Import took 0.034571 seconds .

========================================================================
Received Prepare
Registering precompiled user dll's ...
Registered in 0.009765 seconds.
Begin MonoManager ReloadAssembly
Native extension for WindowsStandalone target not found
Refreshing native plugins compatible for Editor in 1.17 ms, found 3 plugins.
Preloading 0 native plugins for Editor in 0.00 ms.
Mono: successfully reloaded assembly
- Completed reload, in  2.829 seconds
Platform modules already initialized, skipping
Refreshing native plugins compatible for Editor in 0.66 ms, found 3 plugins.
Preloading 0 native plugins for Editor in 0.00 ms.
Unloading 2129 Unused Serialized files (Serialized files now loaded: 0)
System memory in use before: 98.6 MB.
System memory in use after: 98.5 MB.

Unloading 21 unused Assets to reduce memory usage. Loaded Objects now: 2624.
Total: 4.177700 ms (FindLiveObjects: 1.008500 ms CreateObjectMapping: 0.269300 ms MarkObjects: 2.768200 ms  DeleteObjects: 0.129900 ms)

AssetImportParameters requested are different than current active one (requested -> active):
  custom:framework-win-MediaFoundation: 216162199b28c13a410421893ffa2e32 -> 
  custom:video-decoder-ogg-theora: a1e56fd34408186e4bbccfd4996cb3dc -> 
  custom:container-muxer-webm: aa71ff27fc2769a1b78a27578f13a17b -> 
  custom:container-demuxer-webm: 4f35f7cbe854078d1ac9338744f61a02 -> 
  custom:container-demuxer-ogg: 62fdf1f143b41e24485cea50d1cbac27 -> 
  custom:video-encoder-webm-vp8: eb34c28f22e8b96e1ab97ce403110664 -> 
  custom:video-decoder-webm-vp8: 9c59270c3fd7afecdb556c50c9e8de78 -> 
  custom:audio-decoder-ogg-vorbis: bf7c407c2cedff20999df2af8eb42d56 -> 
  custom:audio-encoder-webm-vorbis: bf7c407c2cedff20999df2af8eb42d56 -> 
========================================================================
Received Prepare
Registering precompiled user dll's ...
Registered in 0.006826 seconds.
Begin MonoManager ReloadAssembly
Native extension for WindowsStandalone target not found
Refreshing native plugins compatible for Editor in 0.52 ms, found 3 plugins.
Preloading 0 native plugins for Editor in 0.00 ms.
Mono: successfully reloaded assembly
- Completed reload, in  1.272 seconds
Platform modules already initialized, skipping
Refreshing native plugins compatible for Editor in 0.67 ms, found 3 plugins.
Preloading 0 native plugins for Editor in 0.00 ms.
Unloading 2129 Unused Serialized files (Serialized files now loaded: 0)
System memory in use before: 98.6 MB.
System memory in use after: 98.6 MB.

Unloading 21 unused Assets to reduce memory usage. Loaded Objects now: 2628.
Total: 2.933000 ms (FindLiveObjects: 0.235600 ms CreateObjectMapping: 0.090400 ms MarkObjects: 2.446400 ms  DeleteObjects: 0.158500 ms)

AssetImportParameters requested are different than current active one (requested -> active):
  custom:framework-win-MediaFoundation: 216162199b28c13a410421893ffa2e32 -> 
  custom:video-decoder-ogg-theora: a1e56fd34408186e4bbccfd4996cb3dc -> 
  custom:container-muxer-webm: aa71ff27fc2769a1b78a27578f13a17b -> 
  custom:container-demuxer-webm: 4f35f7cbe854078d1ac9338744f61a02 -> 
  custom:container-demuxer-ogg: 62fdf1f143b41e24485cea50d1cbac27 -> 
  custom:video-encoder-webm-vp8: eb34c28f22e8b96e1ab97ce403110664 -> 
  custom:video-decoder-webm-vp8: 9c59270c3fd7afecdb556c50c9e8de78 -> 
  custom:audio-decoder-ogg-vorbis: bf7c407c2cedff20999df2af8eb42d56 -> 
  custom:audio-encoder-webm-vorbis: bf7c407c2cedff20999df2af8eb42d56 -> 
========================================================================
Received Prepare
Registering precompiled user dll's ...
Registered in 0.003998 seconds.
Begin MonoManager ReloadAssembly
Native extension for WindowsStandalone target not found
Refreshing native plugins compatible for Editor in 0.54 ms, found 3 plugins.
Preloading 0 native plugins for Editor in 0.00 ms.
Mono: successfully reloaded assembly
- Completed reload, in  1.377 seconds
Platform modules already initialized, skipping
Refreshing native plugins compatible for Editor in 0.53 ms, found 3 plugins.
Preloading 0 native plugins for Editor in 0.00 ms.
Unloading 2129 Unused Serialized files (Serialized files now loaded: 0)
System memory in use before: 98.6 MB.
System memory in use after: 98.6 MB.

Unloading 21 unused Assets to reduce memory usage. Loaded Objects now: 2632.
Total: 2.302900 ms (FindLiveObjects: 0.207000 ms CreateObjectMapping: 0.079000 ms MarkObjects: 1.870300 ms  DeleteObjects: 0.145700 ms)

AssetImportParameters requested are different than current active one (requested -> active):
  custom:framework-win-MediaFoundation: 216162199b28c13a410421893ffa2e32 -> 
  custom:video-decoder-ogg-theora: a1e56fd34408186e4bbccfd4996cb3dc -> 
  custom:container-muxer-webm: aa71ff27fc2769a1b78a27578f13a17b -> 
  custom:container-demuxer-webm: 4f35f7cbe854078d1ac9338744f61a02 -> 
  custom:container-demuxer-ogg: 62fdf1f143b41e24485cea50d1cbac27 -> 
  custom:video-encoder-webm-vp8: eb34c28f22e8b96e1ab97ce403110664 -> 
  custom:video-decoder-webm-vp8: 9c59270c3fd7afecdb556c50c9e8de78 -> 
  custom:audio-decoder-ogg-vorbis: bf7c407c2cedff20999df2af8eb42d56 -> 
  custom:audio-encoder-webm-vorbis: bf7c407c2cedff20999df2af8eb42d56 -> 
========================================================================
Received Prepare
Registering precompiled user dll's ...
Registered in 0.007977 seconds.
Begin MonoManager ReloadAssembly
Native extension for WindowsStandalone target not found
Refreshing native plugins compatible for Editor in 0.56 ms, found 3 plugins.
Preloading 0 native plugins for Editor in 0.00 ms.
Mono: successfully reloaded assembly
- Completed reload, in  1.855 seconds
Platform modules already initialized, skipping
Refreshing native plugins compatible for Editor in 0.63 ms, found 3 plugins.
Preloading 0 native plugins for Editor in 0.00 ms.
Unloading 2129 Unused Serialized files (Serialized files now loaded: 0)
System memory in use before: 98.6 MB.
System memory in use after: 98.6 MB.

Unloading 21 unused Assets to reduce memory usage. Loaded Objects now: 2636.
Total: 3.264100 ms (FindLiveObjects: 0.619500 ms CreateObjectMapping: 0.123500 ms MarkObjects: 2.391500 ms  DeleteObjects: 0.128400 ms)

AssetImportParameters requested are different than current active one (requested -> active):
  custom:framework-win-MediaFoundation: 216162199b28c13a410421893ffa2e32 -> 
  custom:video-decoder-ogg-theora: a1e56fd34408186e4bbccfd4996cb3dc -> 
  custom:container-muxer-webm: aa71ff27fc2769a1b78a27578f13a17b -> 
  custom:container-demuxer-webm: 4f35f7cbe854078d1ac9338744f61a02 -> 
  custom:container-demuxer-ogg: 62fdf1f143b41e24485cea50d1cbac27 -> 
  custom:video-encoder-webm-vp8: eb34c28f22e8b96e1ab97ce403110664 -> 
  custom:video-decoder-webm-vp8: 9c59270c3fd7afecdb556c50c9e8de78 -> 
  custom:audio-decoder-ogg-vorbis: bf7c407c2cedff20999df2af8eb42d56 -> 
  custom:audio-encoder-webm-vorbis: bf7c407c2cedff20999df2af8eb42d56 -> 
========================================================================
Received Prepare
Registering precompiled user dll's ...
Registered in 0.008430 seconds.
Begin MonoManager ReloadAssembly
Native extension for WindowsStandalone target not found
Refreshing native plugins compatible for Editor in 2.72 ms, found 3 plugins.
Preloading 0 native plugins for Editor in 0.00 ms.
Mono: successfully reloaded assembly
- Completed reload, in  1.609 seconds
Platform modules already initialized, skipping
Refreshing native plugins compatible for Editor in 0.56 ms, found 3 plugins.
Preloading 0 native plugins for Editor in 0.00 ms.
Unloading 2129 Unused Serialized files (Serialized files now loaded: 0)
System memory in use before: 98.6 MB.
System memory in use after: 98.6 MB.

Unloading 21 unused Assets to reduce memory usage. Loaded Objects now: 2640.
Total: 6.275900 ms (FindLiveObjects: 0.215100 ms CreateObjectMapping: 0.090600 ms MarkObjects: 5.829800 ms  DeleteObjects: 0.139000 ms)

AssetImportParameters requested are different than current active one (requested -> active):
  custom:framework-win-MediaFoundation: 216162199b28c13a410421893ffa2e32 -> 
  custom:video-decoder-ogg-theora: a1e56fd34408186e4bbccfd4996cb3dc -> 
  custom:container-muxer-webm: aa71ff27fc2769a1b78a27578f13a17b -> 
  custom:container-demuxer-webm: 4f35f7cbe854078d1ac9338744f61a02 -> 
  custom:container-demuxer-ogg: 62fdf1f143b41e24485cea50d1cbac27 -> 
  custom:video-encoder-webm-vp8: eb34c28f22e8b96e1ab97ce403110664 -> 
  custom:video-decoder-webm-vp8: 9c59270c3fd7afecdb556c50c9e8de78 -> 
  custom:audio-decoder-ogg-vorbis: bf7c407c2cedff20999df2af8eb42d56 -> 
  custom:audio-encoder-webm-vorbis: bf7c407c2cedff20999df2af8eb42d56 -> 
========================================================================
Received Prepare
Registering precompiled user dll's ...
Registered in 0.006827 seconds.
Begin MonoManager ReloadAssembly
Native extension for WindowsStandalone target not found
Refreshing native plugins compatible for Editor in 0.64 ms, found 3 plugins.
Preloading 0 native plugins for Editor in 0.00 ms.
Mono: successfully reloaded assembly
- Completed reload, in  4.005 seconds
Platform modules already initialized, skipping
Refreshing native plugins compatible for Editor in 0.71 ms, found 3 plugins.
Preloading 0 native plugins for Editor in 0.00 ms.
Unloading 2129 Unused Serialized files (Serialized files now loaded: 0)
System memory in use before: 98.6 MB.
System memory in use after: 98.6 MB.

Unloading 21 unused Assets to reduce memory usage. Loaded Objects now: 2644.
Total: 3.176100 ms (FindLiveObjects: 0.261500 ms CreateObjectMapping: 0.137200 ms MarkObjects: 2.652000 ms  DeleteObjects: 0.123600 ms)

AssetImportParameters requested are different than current active one (requested -> active):
  custom:framework-win-MediaFoundation: 216162199b28c13a410421893ffa2e32 -> 
  custom:video-decoder-ogg-theora: a1e56fd34408186e4bbccfd4996cb3dc -> 
  custom:container-muxer-webm: aa71ff27fc2769a1b78a27578f13a17b -> 
  custom:container-demuxer-webm: 4f35f7cbe854078d1ac9338744f61a02 -> 
  custom:container-demuxer-ogg: 62fdf1f143b41e24485cea50d1cbac27 -> 
  custom:video-encoder-webm-vp8: eb34c28f22e8b96e1ab97ce403110664 -> 
  custom:video-decoder-webm-vp8: 9c59270c3fd7afecdb556c50c9e8de78 -> 
  custom:audio-decoder-ogg-vorbis: bf7c407c2cedff20999df2af8eb42d56 -> 
  custom:audio-encoder-webm-vorbis: bf7c407c2cedff20999df2af8eb42d56 -> 
========================================================================
Received Import Request.
  Time since last request: 937.161182 seconds.
  path: Assets/Graphics/Tilemap/Graveyard.png
  artifactKey: Guid(b14469df47ebd444e84f2e0c89c54ba7) Importer(815301076,1909f56bfc062723c751e8b465ee728b)
Start importing Assets/Graphics/Tilemap/Graveyard.png using Guid(b14469df47ebd444e84f2e0c89c54ba7) Importer(815301076,1909f56bfc062723c751e8b465ee728b)  -> (artifact id: '392df11c6ef96542ac65451b77dacfdd') in 0.336337 seconds 
  Import took 0.417752 seconds .

========================================================================
Received Import Request.
  Time since last request: 1.778356 seconds.
  path: Assets/Graphics/Tilemap/MountainTiles/Mountain_0.asset
  artifactKey: Guid(25ab1fc590ff983469b990d6b29fa85d) Importer(815301076,1909f56bfc062723c751e8b465ee728b)
Start importing Assets/Graphics/Tilemap/MountainTiles/Mountain_0.asset using Guid(25ab1fc590ff983469b990d6b29fa85d) Importer(815301076,1909f56bfc062723c751e8b465ee728b)  -> (artifact id: '9e280c114d694a2f37179967223bd445') in 0.070973 seconds 
  Import took 0.107316 seconds .

========================================================================
Received Import Request.
  Time since last request: 0.000866 seconds.
  path: Assets/Graphics/Tilemap/MountainTiles/Mountain_1.asset
  artifactKey: Guid(13e2afa1f2dc2784fbf7ab3af43d770b) Importer(815301076,1909f56bfc062723c751e8b465ee728b)
Start importing Assets/Graphics/Tilemap/MountainTiles/Mountain_1.asset using Guid(13e2afa1f2dc2784fbf7ab3af43d770b) Importer(815301076,1909f56bfc062723c751e8b465ee728b)  -> (artifact id: '16671490645de0e7b4482e4713696b63') in 0.043519 seconds 
  Import took 0.080150 seconds .

========================================================================
Received Import Request.
  Time since last request: 0.000206 seconds.
  path: Assets/Graphics/Tilemap/MountainTiles/Mountain_2.asset
  artifactKey: Guid(f69b82f29de15e0408deec892c1e86ee) Importer(815301076,1909f56bfc062723c751e8b465ee728b)
Start importing Assets/Graphics/Tilemap/MountainTiles/Mountain_2.asset using Guid(f69b82f29de15e0408deec892c1e86ee) Importer(815301076,1909f56bfc062723c751e8b465ee728b)  -> (artifact id: '122166c14d653f91ff0705f3277f9075') in 0.043971 seconds 
  Import took 0.079602 seconds .

========================================================================
Received Import Request.
  Time since last request: 0.000417 seconds.
  path: Assets/Graphics/Tilemap/MountainTiles/Mountain_1.asset
  artifactKey: Guid(13e2afa1f2dc2784fbf7ab3af43d770b) Importer(815301076,1909f56bfc062723c751e8b465ee728b)
Start importing Assets/Graphics/Tilemap/MountainTiles/Mountain_1.asset using Guid(13e2afa1f2dc2784fbf7ab3af43d770b) Importer(815301076,1909f56bfc062723c751e8b465ee728b)  -> (artifact id: '16671490645de0e7b4482e4713696b63') in 0.024492 seconds 
  Import took 0.036708 seconds .

========================================================================
Received Import Request.
  Time since last request: 0.000243 seconds.
  path: Assets/Graphics/Tilemap/MountainTiles/Mountain_2.asset
  artifactKey: Guid(f69b82f29de15e0408deec892c1e86ee) Importer(815301076,1909f56bfc062723c751e8b465ee728b)
Start importing Assets/Graphics/Tilemap/MountainTiles/Mountain_2.asset using Guid(f69b82f29de15e0408deec892c1e86ee) Importer(815301076,1909f56bfc062723c751e8b465ee728b)  -> (artifact id: '122166c14d653f91ff0705f3277f9075') in 0.020681 seconds 
  Import took 0.028430 seconds .

========================================================================
Received Import Request.
  Time since last request: 0.000333 seconds.
  path: Assets/Graphics/Tilemap/MountainTiles/Mountain_0.asset
  artifactKey: Guid(25ab1fc590ff983469b990d6b29fa85d) Importer(815301076,1909f56bfc062723c751e8b465ee728b)
Start importing Assets/Graphics/Tilemap/MountainTiles/Mountain_0.asset using Guid(25ab1fc590ff983469b990d6b29fa85d) Importer(815301076,1909f56bfc062723c751e8b465ee728b)  -> (artifact id: '9e280c114d694a2f37179967223bd445') in 0.022803 seconds 
  Import took 0.034120 seconds .

========================================================================
Received Prepare
Registering precompiled user dll's ...
Registered in 0.016040 seconds.
Begin MonoManager ReloadAssembly
Native extension for WindowsStandalone target not found
Refreshing native plugins compatible for Editor in 0.54 ms, found 3 plugins.
Preloading 0 native plugins for Editor in 0.00 ms.
Mono: successfully reloaded assembly
- Completed reload, in  3.078 seconds
Platform modules already initialized, skipping
Refreshing native plugins compatible for Editor in 0.60 ms, found 3 plugins.
Preloading 0 native plugins for Editor in 0.00 ms.
Unloading 2129 Unused Serialized files (Serialized files now loaded: 0)
System memory in use before: 98.7 MB.
System memory in use after: 98.7 MB.

Unloading 22 unused Assets to reduce memory usage. Loaded Objects now: 2652.
Total: 2.309600 ms (FindLiveObjects: 0.224300 ms CreateObjectMapping: 0.096600 ms MarkObjects: 1.873900 ms  DeleteObjects: 0.113700 ms)

AssetImportParameters requested are different than current active one (requested -> active):
  custom:framework-win-MediaFoundation: 216162199b28c13a410421893ffa2e32 -> 
  custom:video-decoder-ogg-theora: a1e56fd34408186e4bbccfd4996cb3dc -> 
  custom:container-muxer-webm: aa71ff27fc2769a1b78a27578f13a17b -> 
  custom:container-demuxer-webm: 4f35f7cbe854078d1ac9338744f61a02 -> 
  custom:container-demuxer-ogg: 62fdf1f143b41e24485cea50d1cbac27 -> 
  custom:video-encoder-webm-vp8: eb34c28f22e8b96e1ab97ce403110664 -> 
  custom:video-decoder-webm-vp8: 9c59270c3fd7afecdb556c50c9e8de78 -> 
  custom:audio-decoder-ogg-vorbis: bf7c407c2cedff20999df2af8eb42d56 -> 
  custom:audio-encoder-webm-vorbis: bf7c407c2cedff20999df2af8eb42d56 -> 
========================================================================
Received Prepare
Registering precompiled user dll's ...
Registered in 0.004004 seconds.
Begin MonoManager ReloadAssembly
Native extension for WindowsStandalone target not found
Refreshing native plugins compatible for Editor in 0.53 ms, found 3 plugins.
Preloading 0 native plugins for Editor in 0.00 ms.
Mono: successfully reloaded assembly
- Completed reload, in  1.571 seconds
Platform modules already initialized, skipping
Refreshing native plugins compatible for Editor in 1.19 ms, found 3 plugins.
Preloading 0 native plugins for Editor in 0.00 ms.
Unloading 2129 Unused Serialized files (Serialized files now loaded: 0)
System memory in use before: 98.7 MB.
System memory in use after: 98.6 MB.

Unloading 21 unused Assets to reduce memory usage. Loaded Objects now: 2656.
Total: 2.649400 ms (FindLiveObjects: 0.311900 ms CreateObjectMapping: 0.100300 ms MarkObjects: 1.941400 ms  DeleteObjects: 0.294400 ms)

AssetImportParameters requested are different than current active one (requested -> active):
  custom:framework-win-MediaFoundation: 216162199b28c13a410421893ffa2e32 -> 
  custom:video-decoder-ogg-theora: a1e56fd34408186e4bbccfd4996cb3dc -> 
  custom:container-muxer-webm: aa71ff27fc2769a1b78a27578f13a17b -> 
  custom:container-demuxer-webm: 4f35f7cbe854078d1ac9338744f61a02 -> 
  custom:container-demuxer-ogg: 62fdf1f143b41e24485cea50d1cbac27 -> 
  custom:video-encoder-webm-vp8: eb34c28f22e8b96e1ab97ce403110664 -> 
  custom:video-decoder-webm-vp8: 9c59270c3fd7afecdb556c50c9e8de78 -> 
  custom:audio-decoder-ogg-vorbis: bf7c407c2cedff20999df2af8eb42d56 -> 
  custom:audio-encoder-webm-vorbis: bf7c407c2cedff20999df2af8eb42d56 -> 
========================================================================
Received Prepare
Registering precompiled user dll's ...
Registered in 0.015055 seconds.
Begin MonoManager ReloadAssembly
Native extension for WindowsStandalone target not found
Refreshing native plugins compatible for Editor in 0.81 ms, found 3 plugins.
Preloading 0 native plugins for Editor in 0.00 ms.
Mono: successfully reloaded assembly
- Completed reload, in  3.181 seconds
Platform modules already initialized, skipping
Refreshing native plugins compatible for Editor in 0.97 ms, found 3 plugins.
Preloading 0 native plugins for Editor in 0.00 ms.
Unloading 2129 Unused Serialized files (Serialized files now loaded: 0)
System memory in use before: 98.7 MB.
System memory in use after: 98.7 MB.

Unloading 21 unused Assets to reduce memory usage. Loaded Objects now: 2660.
Total: 6.527000 ms (FindLiveObjects: 1.803700 ms CreateObjectMapping: 0.203300 ms MarkObjects: 4.329000 ms  DeleteObjects: 0.188800 ms)

AssetImportParameters requested are different than current active one (requested -> active):
  custom:framework-win-MediaFoundation: 216162199b28c13a410421893ffa2e32 -> 
  custom:video-decoder-ogg-theora: a1e56fd34408186e4bbccfd4996cb3dc -> 
  custom:container-muxer-webm: aa71ff27fc2769a1b78a27578f13a17b -> 
  custom:container-demuxer-webm: 4f35f7cbe854078d1ac9338744f61a02 -> 
  custom:container-demuxer-ogg: 62fdf1f143b41e24485cea50d1cbac27 -> 
  custom:video-encoder-webm-vp8: eb34c28f22e8b96e1ab97ce403110664 -> 
  custom:video-decoder-webm-vp8: 9c59270c3fd7afecdb556c50c9e8de78 -> 
  custom:audio-decoder-ogg-vorbis: bf7c407c2cedff20999df2af8eb42d56 -> 
  custom:audio-encoder-webm-vorbis: bf7c407c2cedff20999df2af8eb42d56 -> 
========================================================================
Received Prepare
Registering precompiled user dll's ...
Registered in 0.004548 seconds.
Begin MonoManager ReloadAssembly
Native extension for WindowsStandalone target not found
Refreshing native plugins compatible for Editor in 11.06 ms, found 3 plugins.
Preloading 0 native plugins for Editor in 0.00 ms.
Mono: successfully reloaded assembly
- Completed reload, in  2.253 seconds
Platform modules already initialized, skipping
Refreshing native plugins compatible for Editor in 0.57 ms, found 3 plugins.
Preloading 0 native plugins for Editor in 0.00 ms.
Unloading 2129 Unused Serialized files (Serialized files now loaded: 0)
System memory in use before: 98.7 MB.
System memory in use after: 98.7 MB.

Unloading 21 unused Assets to reduce memory usage. Loaded Objects now: 2664.
Total: 7.062500 ms (FindLiveObjects: 0.217500 ms CreateObjectMapping: 0.090100 ms MarkObjects: 6.631900 ms  DeleteObjects: 0.121700 ms)

AssetImportParameters requested are different than current active one (requested -> active):
  custom:framework-win-MediaFoundation: 216162199b28c13a410421893ffa2e32 -> 
  custom:video-decoder-ogg-theora: a1e56fd34408186e4bbccfd4996cb3dc -> 
  custom:container-muxer-webm: aa71ff27fc2769a1b78a27578f13a17b -> 
  custom:container-demuxer-webm: 4f35f7cbe854078d1ac9338744f61a02 -> 
  custom:container-demuxer-ogg: 62fdf1f143b41e24485cea50d1cbac27 -> 
  custom:video-encoder-webm-vp8: eb34c28f22e8b96e1ab97ce403110664 -> 
  custom:video-decoder-webm-vp8: 9c59270c3fd7afecdb556c50c9e8de78 -> 
  custom:audio-decoder-ogg-vorbis: bf7c407c2cedff20999df2af8eb42d56 -> 
  custom:audio-encoder-webm-vorbis: bf7c407c2cedff20999df2af8eb42d56 -> 
========================================================================
Received Prepare
Registering precompiled user dll's ...
Registered in 0.004477 seconds.
Begin MonoManager ReloadAssembly
Native extension for WindowsStandalone target not found
Refreshing native plugins compatible for Editor in 0.55 ms, found 3 plugins.
Preloading 0 native plugins for Editor in 0.00 ms.
Mono: successfully reloaded assembly
- Completed reload, in  1.326 seconds
Platform modules already initialized, skipping
Refreshing native plugins compatible for Editor in 0.51 ms, found 3 plugins.
Preloading 0 native plugins for Editor in 0.00 ms.
Unloading 2129 Unused Serialized files (Serialized files now loaded: 0)
System memory in use before: 98.7 MB.
System memory in use after: 98.7 MB.

Unloading 21 unused Assets to reduce memory usage. Loaded Objects now: 2668.
Total: 2.416100 ms (FindLiveObjects: 0.204600 ms CreateObjectMapping: 0.080700 ms MarkObjects: 1.946800 ms  DeleteObjects: 0.182900 ms)

AssetImportParameters requested are different than current active one (requested -> active):
  custom:framework-win-MediaFoundation: 216162199b28c13a410421893ffa2e32 -> 
  custom:video-decoder-ogg-theora: a1e56fd34408186e4bbccfd4996cb3dc -> 
  custom:container-muxer-webm: aa71ff27fc2769a1b78a27578f13a17b -> 
  custom:container-demuxer-webm: 4f35f7cbe854078d1ac9338744f61a02 -> 
  custom:container-demuxer-ogg: 62fdf1f143b41e24485cea50d1cbac27 -> 
  custom:video-encoder-webm-vp8: eb34c28f22e8b96e1ab97ce403110664 -> 
  custom:video-decoder-webm-vp8: 9c59270c3fd7afecdb556c50c9e8de78 -> 
  custom:audio-decoder-ogg-vorbis: bf7c407c2cedff20999df2af8eb42d56 -> 
  custom:audio-encoder-webm-vorbis: bf7c407c2cedff20999df2af8eb42d56 -> 
========================================================================
Received Import Request.
  Time since last request: 1420.895942 seconds.
  path: Assets/Graphics/Tilemap/DesertTiles/Desert_53.asset
  artifactKey: Guid(c6cbd5f1a9176cf449b1c21271b0d751) Importer(815301076,1909f56bfc062723c751e8b465ee728b)
Start importing Assets/Graphics/Tilemap/DesertTiles/Desert_53.asset using Guid(c6cbd5f1a9176cf449b1c21271b0d751) Importer(815301076,1909f56bfc062723c751e8b465ee728b)  -> (artifact id: '9ec760aa5c06eac8e27a2cbd98696491') in 0.093205 seconds 
  Import took 0.128603 seconds .

========================================================================
Received Import Request.
  Time since last request: 0.796993 seconds.
  path: Assets/Graphics/Tilemap/Mountain.png
  artifactKey: Guid(3773fd5d0028975479ac73bf37cffac6) Importer(815301076,1909f56bfc062723c751e8b465ee728b)
Start importing Assets/Graphics/Tilemap/Mountain.png using Guid(3773fd5d0028975479ac73bf37cffac6) Importer(815301076,1909f56bfc062723c751e8b465ee728b)  -> (artifact id: '6cb85a25c73582b86f5709ccc0a2b25c') in 0.043789 seconds 
  Import took 0.049080 seconds .

========================================================================
Received Import Request.
  Time since last request: 4.837604 seconds.
  path: Assets/Graphics/Tilemap/GraveyardTiles
  artifactKey: Guid(dd12010ad3fc5a04cacecb6cd92683fb) Importer(815301076,1909f56bfc062723c751e8b465ee728b)
Start importing Assets/Graphics/Tilemap/GraveyardTiles using Guid(dd12010ad3fc5a04cacecb6cd92683fb) Importer(815301076,1909f56bfc062723c751e8b465ee728b)  -> (artifact id: 'bd821d1e6fb64bc8496a46c24f003107') in 0.013358 seconds 
  Import took 0.026179 seconds .

========================================================================
Received Import Request.
  Time since last request: 0.122053 seconds.
  path: Assets/Graphics/Tilemap/GraveyardTiles/Graveyard_0.asset
  artifactKey: Guid(1dbf14a4e9fe9f741a04750fd5a055a8) Importer(815301076,1909f56bfc062723c751e8b465ee728b)
Start importing Assets/Graphics/Tilemap/GraveyardTiles/Graveyard_0.asset using Guid(1dbf14a4e9fe9f741a04750fd5a055a8) Importer(815301076,1909f56bfc062723c751e8b465ee728b)  -> (artifact id: '159635418b077771b7262ba964706b1f') in 0.016964 seconds 
  Import took 0.034123 seconds .

========================================================================
Received Import Request.
  Time since last request: 0.000275 seconds.
  path: Assets/Graphics/Tilemap/GraveyardTiles/Graveyard_9.asset
  artifactKey: Guid(cbcd2b4855892f44eb124f6aa34612e7) Importer(815301076,1909f56bfc062723c751e8b465ee728b)
Start importing Assets/Graphics/Tilemap/GraveyardTiles/Graveyard_9.asset using Guid(cbcd2b4855892f44eb124f6aa34612e7) Importer(815301076,1909f56bfc062723c751e8b465ee728b)  -> (artifact id: '7956fcb6998880cf36793c741a340bf4') in 0.019753 seconds 
  Import took 0.033591 seconds .

========================================================================
Received Import Request.
  Time since last request: 0.000302 seconds.
  path: Assets/Graphics/Tilemap/GraveyardTiles/Graveyard_6.asset
  artifactKey: Guid(537b467e061a9b5428f9362bed5e792b) Importer(815301076,1909f56bfc062723c751e8b465ee728b)
Start importing Assets/Graphics/Tilemap/GraveyardTiles/Graveyard_6.asset using Guid(537b467e061a9b5428f9362bed5e792b) Importer(815301076,1909f56bfc062723c751e8b465ee728b)  -> (artifact id: '79dc5996e08d48bb759771e02d042c55') in 0.027738 seconds 
  Import took 0.048205 seconds .

========================================================================
Received Import Request.
  Time since last request: 0.000265 seconds.
  path: Assets/Graphics/Tilemap/GraveyardTiles/Graveyard_14.asset
  artifactKey: Guid(ccb8d31f472ac984ba8f4270e9472e2e) Importer(815301076,1909f56bfc062723c751e8b465ee728b)
Start importing Assets/Graphics/Tilemap/GraveyardTiles/Graveyard_14.asset using Guid(ccb8d31f472ac984ba8f4270e9472e2e) Importer(815301076,1909f56bfc062723c751e8b465ee728b)  -> (artifact id: 'a2912cce8c7ccde23a1f045f4fa8449a') in 0.018067 seconds 
  Import took 0.047495 seconds .

========================================================================
Received Import Request.
  Time since last request: 0.000210 seconds.
  path: Assets/Graphics/Tilemap/GraveyardTiles/Graveyard_5.asset
  artifactKey: Guid(96ef02cb11b89a44eaec050c202b2d75) Importer(815301076,1909f56bfc062723c751e8b465ee728b)
Start importing Assets/Graphics/Tilemap/GraveyardTiles/Graveyard_5.asset using Guid(96ef02cb11b89a44eaec050c202b2d75) Importer(815301076,1909f56bfc062723c751e8b465ee728b)  -> (artifact id: '7cd45673bebe9e92905ed0969e254bd6') in 0.018642 seconds 
  Import took 0.068803 seconds .

========================================================================
Received Import Request.
  Time since last request: 0.000249 seconds.
  path: Assets/Graphics/Tilemap/GraveyardTiles/Graveyard_8.asset
  artifactKey: Guid(99085416a49470c4ea95638376e3af61) Importer(815301076,1909f56bfc062723c751e8b465ee728b)
Start importing Assets/Graphics/Tilemap/GraveyardTiles/Graveyard_8.asset using Guid(99085416a49470c4ea95638376e3af61) Importer(815301076,1909f56bfc062723c751e8b465ee728b)  -> (artifact id: 'efa2655384b597e163ad54e99c805155') in 0.027456 seconds 
  Import took 0.057188 seconds .

========================================================================
Received Import Request.
  Time since last request: 0.000282 seconds.
  path: Assets/Graphics/Tilemap/GraveyardTiles/Graveyard_3.asset
  artifactKey: Guid(4ed1802f0514a9844adbd6471623e09b) Importer(815301076,1909f56bfc062723c751e8b465ee728b)
Start importing Assets/Graphics/Tilemap/GraveyardTiles/Graveyard_3.asset using Guid(4ed1802f0514a9844adbd6471623e09b) Importer(815301076,1909f56bfc062723c751e8b465ee728b)  -> (artifact id: 'c1631dab070af7c06bd4e307e7150464') in 0.027633 seconds 
  Import took 0.042390 seconds .

========================================================================
Received Import Request.
  Time since last request: 0.000280 seconds.
  path: Assets/Graphics/Tilemap/GraveyardTiles/Graveyard_10.asset
  artifactKey: Guid(e45e59120ac843a478d2aadad27b1418) Importer(815301076,1909f56bfc062723c751e8b465ee728b)
Start importing Assets/Graphics/Tilemap/GraveyardTiles/Graveyard_10.asset using Guid(e45e59120ac843a478d2aadad27b1418) Importer(815301076,1909f56bfc062723c751e8b465ee728b)  -> (artifact id: 'c79661035cae4869b8c722d0418eb954') in 0.018748 seconds 
  Import took 0.039086 seconds .

========================================================================
Received Import Request.
  Time since last request: 0.000235 seconds.
  path: Assets/Graphics/Tilemap/GraveyardTiles/Graveyard_16.asset
  artifactKey: Guid(df87687212a2b4f45b985ba55bdd2df3) Importer(815301076,1909f56bfc062723c751e8b465ee728b)
Start importing Assets/Graphics/Tilemap/GraveyardTiles/Graveyard_16.asset using Guid(df87687212a2b4f45b985ba55bdd2df3) Importer(815301076,1909f56bfc062723c751e8b465ee728b)  -> (artifact id: 'd8bdd45efe5a0eedd253b64f425c0519') in 0.015767 seconds 
  Import took 0.042225 seconds .

========================================================================
Received Import Request.
  Time since last request: 0.000253 seconds.
  path: Assets/Graphics/Tilemap/GraveyardTiles/Graveyard_12.asset
  artifactKey: Guid(d0b612c3d3877384b83e18ea2283ff65) Importer(815301076,1909f56bfc062723c751e8b465ee728b)
Start importing Assets/Graphics/Tilemap/GraveyardTiles/Graveyard_12.asset using Guid(d0b612c3d3877384b83e18ea2283ff65) Importer(815301076,1909f56bfc062723c751e8b465ee728b)  -> (artifact id: 'e7588fe9689c6cb54e3059ebe8d07738') in 0.020039 seconds 
  Import took 0.028852 seconds .

========================================================================
Received Import Request.
  Time since last request: 0.000281 seconds.
  path: Assets/Graphics/Tilemap/GraveyardTiles/Graveyard_2.asset
  artifactKey: Guid(fa3f19afd8355ed40b538435b382e184) Importer(815301076,1909f56bfc062723c751e8b465ee728b)
Start importing Assets/Graphics/Tilemap/GraveyardTiles/Graveyard_2.asset using Guid(fa3f19afd8355ed40b538435b382e184) Importer(815301076,1909f56bfc062723c751e8b465ee728b)  -> (artifact id: '9d0da9c171c1dfcc1e4911e3f431fc53') in 0.016662 seconds 
  Import took 0.021227 seconds .

========================================================================
Received Import Request.
  Time since last request: 0.000246 seconds.
  path: Assets/Graphics/Tilemap/GraveyardTiles/Graveyard_4.asset
  artifactKey: Guid(9376ca0e976f039498fa8985ad625452) Importer(815301076,1909f56bfc062723c751e8b465ee728b)
Start importing Assets/Graphics/Tilemap/GraveyardTiles/Graveyard_4.asset using Guid(9376ca0e976f039498fa8985ad625452) Importer(815301076,1909f56bfc062723c751e8b465ee728b)  -> (artifact id: '1645bafd10bc10941148045645eca573') in 0.014778 seconds 
  Import took 0.019041 seconds .

========================================================================
Received Import Request.
  Time since last request: 0.000193 seconds.
  path: Assets/Graphics/Tilemap/GraveyardTiles/Graveyard_7.asset
  artifactKey: Guid(8c06376430cef81408f4ce9cef93541f) Importer(815301076,1909f56bfc062723c751e8b465ee728b)
Start importing Assets/Graphics/Tilemap/GraveyardTiles/Graveyard_7.asset using Guid(8c06376430cef81408f4ce9cef93541f) Importer(815301076,1909f56bfc062723c751e8b465ee728b)  -> (artifact id: '841e53932cee8df39046beedb22055cb') in 0.017495 seconds 
  Import took 0.054706 seconds .

========================================================================
Received Import Request.
  Time since last request: 0.000202 seconds.
  path: Assets/Graphics/Tilemap/GraveyardTiles/Graveyard_1.asset
  artifactKey: Guid(46370017d9a88804a8b63fab636c6c0e) Importer(815301076,1909f56bfc062723c751e8b465ee728b)
Start importing Assets/Graphics/Tilemap/GraveyardTiles/Graveyard_1.asset using Guid(46370017d9a88804a8b63fab636c6c0e) Importer(815301076,1909f56bfc062723c751e8b465ee728b)  -> (artifact id: '061b2ae8919d22002fe63ad2ca1f2bb9') in 0.016218 seconds 
  Import took 0.020889 seconds .

========================================================================
Received Import Request.
  Time since last request: 0.000268 seconds.
  path: Assets/Graphics/Tilemap/GraveyardTiles/Graveyard_15.asset
  artifactKey: Guid(9fbcfded60fc71d4baaa5696c65562c1) Importer(815301076,1909f56bfc062723c751e8b465ee728b)
Start importing Assets/Graphics/Tilemap/GraveyardTiles/Graveyard_15.asset using Guid(9fbcfded60fc71d4baaa5696c65562c1) Importer(815301076,1909f56bfc062723c751e8b465ee728b)  -> (artifact id: '617aa6e55e04c1975696ffef7cc0291a') in 0.027010 seconds 
  Import took 0.037414 seconds .

========================================================================
Received Import Request.
  Time since last request: 0.000191 seconds.
  path: Assets/Graphics/Tilemap/GraveyardTiles/Graveyard_13.asset
  artifactKey: Guid(d7b7fc7aa71fd26418194c4c65edcafb) Importer(815301076,1909f56bfc062723c751e8b465ee728b)
Start importing Assets/Graphics/Tilemap/GraveyardTiles/Graveyard_13.asset using Guid(d7b7fc7aa71fd26418194c4c65edcafb) Importer(815301076,1909f56bfc062723c751e8b465ee728b)  -> (artifact id: '47fe1b853b194d832bb0d80b801ce9d6') in 0.014593 seconds 
  Import took 0.032499 seconds .

========================================================================
Received Import Request.
  Time since last request: 0.000197 seconds.
  path: Assets/Graphics/Tilemap/GraveyardTiles/Graveyard_11.asset
  artifactKey: Guid(8fc81f3bf143f9d4293e4742af173705) Importer(815301076,1909f56bfc062723c751e8b465ee728b)
Start importing Assets/Graphics/Tilemap/GraveyardTiles/Graveyard_11.asset using Guid(8fc81f3bf143f9d4293e4742af173705) Importer(815301076,1909f56bfc062723c751e8b465ee728b)  -> (artifact id: 'fd2e22f35d0bb773a10dec0999ecff3e') in 0.018152 seconds 
  Import took 0.031314 seconds .

========================================================================
Received Prepare
Registering precompiled user dll's ...
Registered in 0.005038 seconds.
Begin MonoManager ReloadAssembly
Native extension for WindowsStandalone target not found
Refreshing native plugins compatible for Editor in 0.54 ms, found 3 plugins.
Preloading 0 native plugins for Editor in 0.00 ms.
Mono: successfully reloaded assembly
- Completed reload, in  1.838 seconds
Platform modules already initialized, skipping
Refreshing native plugins compatible for Editor in 1.88 ms, found 3 plugins.
Preloading 0 native plugins for Editor in 0.00 ms.
Unloading 2129 Unused Serialized files (Serialized files now loaded: 0)
System memory in use before: 98.8 MB.
System memory in use after: 98.8 MB.

Unloading 22 unused Assets to reduce memory usage. Loaded Objects now: 2674.
Total: 11.305000 ms (FindLiveObjects: 0.230500 ms CreateObjectMapping: 0.098400 ms MarkObjects: 10.845800 ms  DeleteObjects: 0.128600 ms)

AssetImportParameters requested are different than current active one (requested -> active):
  custom:framework-win-MediaFoundation: 216162199b28c13a410421893ffa2e32 -> 
  custom:video-decoder-ogg-theora: a1e56fd34408186e4bbccfd4996cb3dc -> 
  custom:container-muxer-webm: aa71ff27fc2769a1b78a27578f13a17b -> 
  custom:container-demuxer-webm: 4f35f7cbe854078d1ac9338744f61a02 -> 
  custom:container-demuxer-ogg: 62fdf1f143b41e24485cea50d1cbac27 -> 
  custom:video-encoder-webm-vp8: eb34c28f22e8b96e1ab97ce403110664 -> 
  custom:video-decoder-webm-vp8: 9c59270c3fd7afecdb556c50c9e8de78 -> 
  custom:audio-decoder-ogg-vorbis: bf7c407c2cedff20999df2af8eb42d56 -> 
  custom:audio-encoder-webm-vorbis: bf7c407c2cedff20999df2af8eb42d56 -> 
========================================================================
Received Prepare
Registering precompiled user dll's ...
Registered in 0.006339 seconds.
Begin MonoManager ReloadAssembly
Native extension for WindowsStandalone target not found
Refreshing native plugins compatible for Editor in 0.59 ms, found 3 plugins.
Preloading 0 native plugins for Editor in 0.00 ms.
Mono: successfully reloaded assembly
- Completed reload, in  1.263 seconds
Platform modules already initialized, skipping
Refreshing native plugins compatible for Editor in 0.61 ms, found 3 plugins.
Preloading 0 native plugins for Editor in 0.00 ms.
Unloading 2129 Unused Serialized files (Serialized files now loaded: 0)
System memory in use before: 98.7 MB.
System memory in use after: 98.7 MB.

Unloading 21 unused Assets to reduce memory usage. Loaded Objects now: 2678.
Total: 6.901400 ms (FindLiveObjects: 3.738000 ms CreateObjectMapping: 0.971100 ms MarkObjects: 2.053500 ms  DeleteObjects: 0.136900 ms)

AssetImportParameters requested are different than current active one (requested -> active):
  custom:framework-win-MediaFoundation: 216162199b28c13a410421893ffa2e32 -> 
  custom:video-decoder-ogg-theora: a1e56fd34408186e4bbccfd4996cb3dc -> 
  custom:container-muxer-webm: aa71ff27fc2769a1b78a27578f13a17b -> 
  custom:container-demuxer-webm: 4f35f7cbe854078d1ac9338744f61a02 -> 
  custom:container-demuxer-ogg: 62fdf1f143b41e24485cea50d1cbac27 -> 
  custom:video-encoder-webm-vp8: eb34c28f22e8b96e1ab97ce403110664 -> 
  custom:video-decoder-webm-vp8: 9c59270c3fd7afecdb556c50c9e8de78 -> 
  custom:audio-decoder-ogg-vorbis: bf7c407c2cedff20999df2af8eb42d56 -> 
  custom:audio-encoder-webm-vorbis: bf7c407c2cedff20999df2af8eb42d56 -> 
========================================================================
Received Prepare
Registering precompiled user dll's ...
Registered in 0.004419 seconds.
Begin MonoManager ReloadAssembly
Native extension for WindowsStandalone target not found
Refreshing native plugins compatible for Editor in 0.55 ms, found 3 plugins.
Preloading 0 native plugins for Editor in 0.00 ms.
Mono: successfully reloaded assembly
- Completed reload, in  1.295 seconds
Platform modules already initialized, skipping
Refreshing native plugins compatible for Editor in 0.57 ms, found 3 plugins.
Preloading 0 native plugins for Editor in 0.00 ms.
Unloading 2129 Unused Serialized files (Serialized files now loaded: 0)
System memory in use before: 98.7 MB.
System memory in use after: 98.7 MB.

Unloading 21 unused Assets to reduce memory usage. Loaded Objects now: 2682.
Total: 4.172400 ms (FindLiveObjects: 0.268300 ms CreateObjectMapping: 0.136700 ms MarkObjects: 3.618600 ms  DeleteObjects: 0.147700 ms)

AssetImportParameters requested are different than current active one (requested -> active):
  custom:framework-win-MediaFoundation: 216162199b28c13a410421893ffa2e32 -> 
  custom:video-decoder-ogg-theora: a1e56fd34408186e4bbccfd4996cb3dc -> 
  custom:container-muxer-webm: aa71ff27fc2769a1b78a27578f13a17b -> 
  custom:container-demuxer-webm: 4f35f7cbe854078d1ac9338744f61a02 -> 
  custom:container-demuxer-ogg: 62fdf1f143b41e24485cea50d1cbac27 -> 
  custom:video-encoder-webm-vp8: eb34c28f22e8b96e1ab97ce403110664 -> 
  custom:video-decoder-webm-vp8: 9c59270c3fd7afecdb556c50c9e8de78 -> 
  custom:audio-decoder-ogg-vorbis: bf7c407c2cedff20999df2af8eb42d56 -> 
  custom:audio-encoder-webm-vorbis: bf7c407c2cedff20999df2af8eb42d56 -> 
========================================================================
Received Prepare
Registering precompiled user dll's ...
Registered in 0.004189 seconds.
Begin MonoManager ReloadAssembly
Native extension for WindowsStandalone target not found
Refreshing native plugins compatible for Editor in 0.54 ms, found 3 plugins.
Preloading 0 native plugins for Editor in 0.00 ms.
Mono: successfully reloaded assembly
- Completed reload, in  1.606 seconds
Platform modules already initialized, skipping
Refreshing native plugins compatible for Editor in 0.62 ms, found 3 plugins.
Preloading 0 native plugins for Editor in 0.00 ms.
Unloading 2129 Unused Serialized files (Serialized files now loaded: 0)
System memory in use before: 98.7 MB.
System memory in use after: 98.7 MB.

Unloading 21 unused Assets to reduce memory usage. Loaded Objects now: 2686.
Total: 3.025600 ms (FindLiveObjects: 0.237600 ms CreateObjectMapping: 0.098400 ms MarkObjects: 2.530300 ms  DeleteObjects: 0.157200 ms)

AssetImportParameters requested are different than current active one (requested -> active):
  custom:framework-win-MediaFoundation: 216162199b28c13a410421893ffa2e32 -> 
  custom:video-decoder-ogg-theora: a1e56fd34408186e4bbccfd4996cb3dc -> 
  custom:container-muxer-webm: aa71ff27fc2769a1b78a27578f13a17b -> 
  custom:container-demuxer-webm: 4f35f7cbe854078d1ac9338744f61a02 -> 
  custom:container-demuxer-ogg: 62fdf1f143b41e24485cea50d1cbac27 -> 
  custom:video-encoder-webm-vp8: eb34c28f22e8b96e1ab97ce403110664 -> 
  custom:video-decoder-webm-vp8: 9c59270c3fd7afecdb556c50c9e8de78 -> 
  custom:audio-decoder-ogg-vorbis: bf7c407c2cedff20999df2af8eb42d56 -> 
  custom:audio-encoder-webm-vorbis: bf7c407c2cedff20999df2af8eb42d56 -> 
========================================================================
Received Prepare
Registering precompiled user dll's ...
Registered in 0.012362 seconds.
Begin MonoManager ReloadAssembly
Native extension for WindowsStandalone target not found
Refreshing native plugins compatible for Editor in 0.50 ms, found 3 plugins.
Preloading 0 native plugins for Editor in 0.00 ms.
Mono: successfully reloaded assembly
- Completed reload, in  1.254 seconds
Platform modules already initialized, skipping
Refreshing native plugins compatible for Editor in 0.53 ms, found 3 plugins.
Preloading 0 native plugins for Editor in 0.00 ms.
Unloading 2129 Unused Serialized files (Serialized files now loaded: 0)
System memory in use before: 98.8 MB.
System memory in use after: 98.7 MB.

Unloading 21 unused Assets to reduce memory usage. Loaded Objects now: 2690.
Total: 2.576800 ms (FindLiveObjects: 0.228700 ms CreateObjectMapping: 0.072300 ms MarkObjects: 2.138800 ms  DeleteObjects: 0.135700 ms)

AssetImportParameters requested are different than current active one (requested -> active):
  custom:framework-win-MediaFoundation: 216162199b28c13a410421893ffa2e32 -> 
  custom:video-decoder-ogg-theora: a1e56fd34408186e4bbccfd4996cb3dc -> 
  custom:container-muxer-webm: aa71ff27fc2769a1b78a27578f13a17b -> 
  custom:container-demuxer-webm: 4f35f7cbe854078d1ac9338744f61a02 -> 
  custom:container-demuxer-ogg: 62fdf1f143b41e24485cea50d1cbac27 -> 
  custom:video-encoder-webm-vp8: eb34c28f22e8b96e1ab97ce403110664 -> 
  custom:video-decoder-webm-vp8: 9c59270c3fd7afecdb556c50c9e8de78 -> 
  custom:audio-decoder-ogg-vorbis: bf7c407c2cedff20999df2af8eb42d56 -> 
  custom:audio-encoder-webm-vorbis: bf7c407c2cedff20999df2af8eb42d56 -> 
========================================================================
Received Import Request.
  Time since last request: 310.456872 seconds.
  path: Assets/EditorTexToTile.cs
  artifactKey: Guid(76368ad940828f84b952998c1c2989f6) Importer(815301076,1909f56bfc062723c751e8b465ee728b)
Start importing Assets/EditorTexToTile.cs using Guid(76368ad940828f84b952998c1c2989f6) Importer(815301076,1909f56bfc062723c751e8b465ee728b)  -> (artifact id: '71f8d6b113af88f6a3b13be3aee7d304') in 0.029131 seconds 
  Import took 0.060750 seconds .

========================================================================
Received Prepare
Registering precompiled user dll's ...
Registered in 0.003848 seconds.
Begin MonoManager ReloadAssembly
Native extension for WindowsStandalone target not found
Refreshing native plugins compatible for Editor in 0.51 ms, found 3 plugins.
Preloading 0 native plugins for Editor in 0.00 ms.
Mono: successfully reloaded assembly
- Completed reload, in  1.248 seconds
Platform modules already initialized, skipping
Refreshing native plugins compatible for Editor in 0.52 ms, found 3 plugins.
Preloading 0 native plugins for Editor in 0.00 ms.
Unloading 2130 Unused Serialized files (Serialized files now loaded: 0)
System memory in use before: 98.8 MB.
System memory in use after: 98.8 MB.

Unloading 21 unused Assets to reduce memory usage. Loaded Objects now: 2695.
Total: 2.629600 ms (FindLiveObjects: 0.249400 ms CreateObjectMapping: 0.083600 ms MarkObjects: 2.135700 ms  DeleteObjects: 0.159700 ms)

AssetImportParameters requested are different than current active one (requested -> active):
  custom:framework-win-MediaFoundation: 216162199b28c13a410421893ffa2e32 -> 
  custom:video-decoder-ogg-theora: a1e56fd34408186e4bbccfd4996cb3dc -> 
  custom:container-muxer-webm: aa71ff27fc2769a1b78a27578f13a17b -> 
  custom:container-demuxer-webm: 4f35f7cbe854078d1ac9338744f61a02 -> 
  custom:container-demuxer-ogg: 62fdf1f143b41e24485cea50d1cbac27 -> 
  custom:video-encoder-webm-vp8: eb34c28f22e8b96e1ab97ce403110664 -> 
  custom:video-decoder-webm-vp8: 9c59270c3fd7afecdb556c50c9e8de78 -> 
  custom:audio-decoder-ogg-vorbis: bf7c407c2cedff20999df2af8eb42d56 -> 
  custom:audio-encoder-webm-vorbis: bf7c407c2cedff20999df2af8eb42d56 -> 
========================================================================
Received Prepare
Registering precompiled user dll's ...
Registered in 0.005248 seconds.
Begin MonoManager ReloadAssembly
Native extension for WindowsStandalone target not found
Refreshing native plugins compatible for Editor in 0.63 ms, found 3 plugins.
Preloading 0 native plugins for Editor in 0.00 ms.
Mono: successfully reloaded assembly
- Completed reload, in  1.226 seconds
Platform modules already initialized, skipping
Refreshing native plugins compatible for Editor in 0.66 ms, found 3 plugins.
Preloading 0 native plugins for Editor in 0.00 ms.
Unloading 2130 Unused Serialized files (Serialized files now loaded: 0)
System memory in use before: 98.8 MB.
System memory in use after: 98.8 MB.

Unloading 21 unused Assets to reduce memory usage. Loaded Objects now: 2699.
Total: 2.601900 ms (FindLiveObjects: 0.221100 ms CreateObjectMapping: 0.093800 ms MarkObjects: 2.065200 ms  DeleteObjects: 0.220500 ms)

AssetImportParameters requested are different than current active one (requested -> active):
  custom:framework-win-MediaFoundation: 216162199b28c13a410421893ffa2e32 -> 
  custom:video-decoder-ogg-theora: a1e56fd34408186e4bbccfd4996cb3dc -> 
  custom:container-muxer-webm: aa71ff27fc2769a1b78a27578f13a17b -> 
  custom:container-demuxer-webm: 4f35f7cbe854078d1ac9338744f61a02 -> 
  custom:container-demuxer-ogg: 62fdf1f143b41e24485cea50d1cbac27 -> 
  custom:video-encoder-webm-vp8: eb34c28f22e8b96e1ab97ce403110664 -> 
  custom:video-decoder-webm-vp8: 9c59270c3fd7afecdb556c50c9e8de78 -> 
  custom:audio-decoder-ogg-vorbis: bf7c407c2cedff20999df2af8eb42d56 -> 
  custom:audio-encoder-webm-vorbis: bf7c407c2cedff20999df2af8eb42d56 -> 
========================================================================
Received Import Request.
  Time since last request: 220.503872 seconds.
  path: Assets/EditorTexToTile.cs
  artifactKey: Guid(76368ad940828f84b952998c1c2989f6) Importer(815301076,1909f56bfc062723c751e8b465ee728b)
Start importing Assets/EditorTexToTile.cs using Guid(76368ad940828f84b952998c1c2989f6) Importer(815301076,1909f56bfc062723c751e8b465ee728b)  -> (artifact id: '25505bbdb4ee2b147e53d5a0f9166c61') in 0.007542 seconds 
  Import took 0.011557 seconds .

========================================================================
Received Prepare
Registering precompiled user dll's ...
Registered in 0.004096 seconds.
Begin MonoManager ReloadAssembly
Native extension for WindowsStandalone target not found
Refreshing native plugins compatible for Editor in 0.51 ms, found 3 plugins.
Preloading 0 native plugins for Editor in 0.00 ms.
Mono: successfully reloaded assembly
- Completed reload, in  1.287 seconds
Platform modules already initialized, skipping
Refreshing native plugins compatible for Editor in 0.53 ms, found 3 plugins.
Preloading 0 native plugins for Editor in 0.00 ms.
Unloading 2130 Unused Serialized files (Serialized files now loaded: 0)
System memory in use before: 98.8 MB.
System memory in use after: 98.8 MB.

Unloading 21 unused Assets to reduce memory usage. Loaded Objects now: 2703.
Total: 2.554900 ms (FindLiveObjects: 0.216500 ms CreateObjectMapping: 0.085500 ms MarkObjects: 2.052200 ms  DeleteObjects: 0.199400 ms)

AssetImportParameters requested are different than current active one (requested -> active):
  custom:framework-win-MediaFoundation: 216162199b28c13a410421893ffa2e32 -> 
  custom:video-decoder-ogg-theora: a1e56fd34408186e4bbccfd4996cb3dc -> 
  custom:container-muxer-webm: aa71ff27fc2769a1b78a27578f13a17b -> 
  custom:container-demuxer-webm: 4f35f7cbe854078d1ac9338744f61a02 -> 
  custom:container-demuxer-ogg: 62fdf1f143b41e24485cea50d1cbac27 -> 
  custom:video-encoder-webm-vp8: eb34c28f22e8b96e1ab97ce403110664 -> 
  custom:video-decoder-webm-vp8: 9c59270c3fd7afecdb556c50c9e8de78 -> 
  custom:audio-decoder-ogg-vorbis: bf7c407c2cedff20999df2af8eb42d56 -> 
  custom:audio-encoder-webm-vorbis: bf7c407c2cedff20999df2af8eb42d56 -> 
========================================================================
Received Import Request.
  Time since last request: 81.435870 seconds.
  path: Assets/EditorTexToTile.cs
  artifactKey: Guid(76368ad940828f84b952998c1c2989f6) Importer(815301076,1909f56bfc062723c751e8b465ee728b)
Start importing Assets/EditorTexToTile.cs using Guid(76368ad940828f84b952998c1c2989f6) Importer(815301076,1909f56bfc062723c751e8b465ee728b)  -> (artifact id: 'b8b1663ec63aa9e2cd96a7f0c032b656') in 0.006065 seconds 
  Import took 0.026147 seconds .

========================================================================
Received Prepare
Registering precompiled user dll's ...
Registered in 0.004924 seconds.
Begin MonoManager ReloadAssembly
Native extension for WindowsStandalone target not found
Refreshing native plugins compatible for Editor in 0.70 ms, found 3 plugins.
Preloading 0 native plugins for Editor in 0.00 ms.
Mono: successfully reloaded assembly
- Completed reload, in  1.311 seconds
Platform modules already initialized, skipping
Refreshing native plugins compatible for Editor in 0.52 ms, found 3 plugins.
Preloading 0 native plugins for Editor in 0.00 ms.
Unloading 2130 Unused Serialized files (Serialized files now loaded: 0)
System memory in use before: 98.9 MB.
System memory in use after: 98.9 MB.

Unloading 21 unused Assets to reduce memory usage. Loaded Objects now: 2707.
Total: 2.698400 ms (FindLiveObjects: 0.303200 ms CreateObjectMapping: 0.097300 ms MarkObjects: 2.073800 ms  DeleteObjects: 0.223100 ms)

AssetImportParameters requested are different than current active one (requested -> active):
  custom:framework-win-MediaFoundation: 216162199b28c13a410421893ffa2e32 -> 
  custom:video-decoder-ogg-theora: a1e56fd34408186e4bbccfd4996cb3dc -> 
  custom:container-muxer-webm: aa71ff27fc2769a1b78a27578f13a17b -> 
  custom:container-demuxer-webm: 4f35f7cbe854078d1ac9338744f61a02 -> 
  custom:container-demuxer-ogg: 62fdf1f143b41e24485cea50d1cbac27 -> 
  custom:video-encoder-webm-vp8: eb34c28f22e8b96e1ab97ce403110664 -> 
  custom:video-decoder-webm-vp8: 9c59270c3fd7afecdb556c50c9e8de78 -> 
  custom:audio-decoder-ogg-vorbis: bf7c407c2cedff20999df2af8eb42d56 -> 
  custom:audio-encoder-webm-vorbis: bf7c407c2cedff20999df2af8eb42d56 -> 
========================================================================
Received Prepare
Registering precompiled user dll's ...
Registered in 0.003822 seconds.
Begin MonoManager ReloadAssembly
Native extension for WindowsStandalone target not found
Refreshing native plugins compatible for Editor in 0.57 ms, found 3 plugins.
Preloading 0 native plugins for Editor in 0.00 ms.
Mono: successfully reloaded assembly
- Completed reload, in  1.312 seconds
Platform modules already initialized, skipping
Refreshing native plugins compatible for Editor in 0.79 ms, found 3 plugins.
Preloading 0 native plugins for Editor in 0.00 ms.
Unloading 2130 Unused Serialized files (Serialized files now loaded: 0)
System memory in use before: 98.9 MB.
System memory in use after: 98.9 MB.

Unloading 21 unused Assets to reduce memory usage. Loaded Objects now: 2711.
Total: 3.898300 ms (FindLiveObjects: 0.224200 ms CreateObjectMapping: 0.081000 ms MarkObjects: 3.394800 ms  DeleteObjects: 0.196700 ms)

AssetImportParameters requested are different than current active one (requested -> active):
  custom:framework-win-MediaFoundation: 216162199b28c13a410421893ffa2e32 -> 
  custom:video-decoder-ogg-theora: a1e56fd34408186e4bbccfd4996cb3dc -> 
  custom:container-muxer-webm: aa71ff27fc2769a1b78a27578f13a17b -> 
  custom:container-demuxer-webm: 4f35f7cbe854078d1ac9338744f61a02 -> 
  custom:container-demuxer-ogg: 62fdf1f143b41e24485cea50d1cbac27 -> 
  custom:video-encoder-webm-vp8: eb34c28f22e8b96e1ab97ce403110664 -> 
  custom:video-decoder-webm-vp8: 9c59270c3fd7afecdb556c50c9e8de78 -> 
  custom:audio-decoder-ogg-vorbis: bf7c407c2cedff20999df2af8eb42d56 -> 
  custom:audio-encoder-webm-vorbis: bf7c407c2cedff20999df2af8eb42d56 -> 
========================================================================
Received Import Request.
  Time since last request: 62.711488 seconds.
  path: Assets/Prefabs/NPC.prefab
  artifactKey: Guid(d3e988ef881cad04089aa50c7ab57da2) Importer(815301076,1909f56bfc062723c751e8b465ee728b)
Start importing Assets/Prefabs/NPC.prefab using Guid(d3e988ef881cad04089aa50c7ab57da2) Importer(815301076,1909f56bfc062723c751e8b465ee728b)  -> (artifact id: 'ad7552fb007436097db938ba3ec35d49') in 0.766377 seconds 
  Import took 0.792887 seconds .

========================================================================
Received Import Request.
  Time since last request: 0.000275 seconds.
  path: Assets/Prefabs/Player.prefab
  artifactKey: Guid(a673051e961ef67468b0fd2d89e038ca) Importer(815301076,1909f56bfc062723c751e8b465ee728b)
Start importing Assets/Prefabs/Player.prefab using Guid(a673051e961ef67468b0fd2d89e038ca) Importer(815301076,1909f56bfc062723c751e8b465ee728b)  -> (artifact id: '8b4b3cb78c6b807f315b51f1af58cdd0') in 0.073618 seconds 
  Import took 0.116092 seconds .

========================================================================
Received Prepare
Registering precompiled user dll's ...
Registered in 0.004728 seconds.
Begin MonoManager ReloadAssembly
Native extension for WindowsStandalone target not found
Refreshing native plugins compatible for Editor in 0.56 ms, found 3 plugins.
Preloading 0 native plugins for Editor in 0.00 ms.
Mono: successfully reloaded assembly
- Completed reload, in  1.923 seconds
Platform modules already initialized, skipping
Refreshing native plugins compatible for Editor in 0.95 ms, found 3 plugins.
Preloading 0 native plugins for Editor in 0.00 ms.
Unloading 2130 Unused Serialized files (Serialized files now loaded: 0)
System memory in use before: 99.0 MB.
System memory in use after: 99.1 MB.

Unloading 21 unused Assets to reduce memory usage. Loaded Objects now: 2719.
Total: 3.795800 ms (FindLiveObjects: 0.462300 ms CreateObjectMapping: 0.322000 ms MarkObjects: 2.895000 ms  DeleteObjects: 0.115400 ms)

AssetImportParameters requested are different than current active one (requested -> active):
  custom:framework-win-MediaFoundation: 216162199b28c13a410421893ffa2e32 -> 
  custom:video-decoder-ogg-theora: a1e56fd34408186e4bbccfd4996cb3dc -> 
  custom:container-muxer-webm: aa71ff27fc2769a1b78a27578f13a17b -> 
  custom:container-demuxer-webm: 4f35f7cbe854078d1ac9338744f61a02 -> 
  custom:container-demuxer-ogg: 62fdf1f143b41e24485cea50d1cbac27 -> 
  custom:video-encoder-webm-vp8: eb34c28f22e8b96e1ab97ce403110664 -> 
  custom:video-decoder-webm-vp8: 9c59270c3fd7afecdb556c50c9e8de78 -> 
  custom:audio-decoder-ogg-vorbis: bf7c407c2cedff20999df2af8eb42d56 -> 
  custom:audio-encoder-webm-vorbis: bf7c407c2cedff20999df2af8eb42d56 -> 
========================================================================
Received Import Request.
  Time since last request: 109.526629 seconds.
  path: Assets/Graphics/Tilemap/Mountain.png
  artifactKey: Guid(3773fd5d0028975479ac73bf37cffac6) Importer(815301076,1909f56bfc062723c751e8b465ee728b)
Start importing Assets/Graphics/Tilemap/Mountain.png using Guid(3773fd5d0028975479ac73bf37cffac6) Importer(815301076,1909f56bfc062723c751e8b465ee728b)  -> (artifact id: '62a9629a5a44213deaa5fb11b6c04bfd') in 0.061362 seconds 
  Import took 0.079883 seconds .

========================================================================
Received Import Request.
  Time since last request: 10.410391 seconds.
  path: Assets/Graphics/Tilemap/Mountain.png
  artifactKey: Guid(3773fd5d0028975479ac73bf37cffac6) Importer(815301076,1909f56bfc062723c751e8b465ee728b)
Start importing Assets/Graphics/Tilemap/Mountain.png using Guid(3773fd5d0028975479ac73bf37cffac6) Importer(815301076,1909f56bfc062723c751e8b465ee728b)  -> (artifact id: '6496fca876039340ea2289b81c9f5b43') in 0.036924 seconds 
  Import took 0.060319 seconds .

========================================================================
Received Import Request.
  Time since last request: 104.182573 seconds.
  path: Assets/Graphics/Tilemap/SpriteAtlas.spriteatlas
  artifactKey: Guid(ad3d1abbf203840439dec8ccca87eef3) Importer(815301076,1909f56bfc062723c751e8b465ee728b)
Start importing Assets/Graphics/Tilemap/SpriteAtlas.spriteatlas using Guid(ad3d1abbf203840439dec8ccca87eef3) Importer(815301076,1909f56bfc062723c751e8b465ee728b)  -> (artifact id: '9fe9a126faf0004fb66e2f0f3899990c') in 0.013666 seconds 
  Import took 0.026461 seconds .

========================================================================
Received Import Request.
  Time since last request: 0.203724 seconds.
  path: Assets/Graphics/Tilemap/SpriteAtlas.spriteatlas
  artifactKey: Guid(ad3d1abbf203840439dec8ccca87eef3) Importer(815301076,1909f56bfc062723c751e8b465ee728b)
Start importing Assets/Graphics/Tilemap/SpriteAtlas.spriteatlas using Guid(ad3d1abbf203840439dec8ccca87eef3) Importer(815301076,1909f56bfc062723c751e8b465ee728b)  -> (artifact id: '9fe9a126faf0004fb66e2f0f3899990c') in 0.005203 seconds 
  Import took 0.010818 seconds .

========================================================================
Received Prepare
Registering precompiled user dll's ...
Registered in 0.004111 seconds.
Begin MonoManager ReloadAssembly
Native extension for WindowsStandalone target not found
Refreshing native plugins compatible for Editor in 0.50 ms, found 3 plugins.
Preloading 0 native plugins for Editor in 0.00 ms.
Mono: successfully reloaded assembly
- Completed reload, in  1.228 seconds
Platform modules already initialized, skipping
Refreshing native plugins compatible for Editor in 0.51 ms, found 3 plugins.
Preloading 0 native plugins for Editor in 0.00 ms.
Unloading 2130 Unused Serialized files (Serialized files now loaded: 0)
System memory in use before: 99.2 MB.
System memory in use after: 99.2 MB.

Unloading 22 unused Assets to reduce memory usage. Loaded Objects now: 2724.
Total: 3.015700 ms (FindLiveObjects: 0.240800 ms CreateObjectMapping: 0.104900 ms MarkObjects: 2.538500 ms  DeleteObjects: 0.130300 ms)

AssetImportParameters requested are different than current active one (requested -> active):
  custom:framework-win-MediaFoundation: 216162199b28c13a410421893ffa2e32 -> 
  custom:video-decoder-ogg-theora: a1e56fd34408186e4bbccfd4996cb3dc -> 
  custom:container-muxer-webm: aa71ff27fc2769a1b78a27578f13a17b -> 
  custom:container-demuxer-webm: 4f35f7cbe854078d1ac9338744f61a02 -> 
  custom:container-demuxer-ogg: 62fdf1f143b41e24485cea50d1cbac27 -> 
  custom:video-encoder-webm-vp8: eb34c28f22e8b96e1ab97ce403110664 -> 
  custom:video-decoder-webm-vp8: 9c59270c3fd7afecdb556c50c9e8de78 -> 
  custom:audio-decoder-ogg-vorbis: bf7c407c2cedff20999df2af8eb42d56 -> 
  custom:audio-encoder-webm-vorbis: bf7c407c2cedff20999df2af8eb42d56 -> 
========================================================================
Received Prepare
Registering precompiled user dll's ...
Registered in 0.005964 seconds.
Begin MonoManager ReloadAssembly
Native extension for WindowsStandalone target not found
Refreshing native plugins compatible for Editor in 0.73 ms, found 3 plugins.
Preloading 0 native plugins for Editor in 0.00 ms.
Mono: successfully reloaded assembly
- Completed reload, in  2.250 seconds
Platform modules already initialized, skipping
Refreshing native plugins compatible for Editor in 1.56 ms, found 3 plugins.
Preloading 0 native plugins for Editor in 0.00 ms.
Unloading 2130 Unused Serialized files (Serialized files now loaded: 0)
System memory in use before: 99.1 MB.
System memory in use after: 99.2 MB.

Unloading 21 unused Assets to reduce memory usage. Loaded Objects now: 2728.
Total: 4.704600 ms (FindLiveObjects: 0.282400 ms CreateObjectMapping: 0.117700 ms MarkObjects: 4.139200 ms  DeleteObjects: 0.163700 ms)

AssetImportParameters requested are different than current active one (requested -> active):
  custom:framework-win-MediaFoundation: 216162199b28c13a410421893ffa2e32 -> 
  custom:video-decoder-ogg-theora: a1e56fd34408186e4bbccfd4996cb3dc -> 
  custom:container-muxer-webm: aa71ff27fc2769a1b78a27578f13a17b -> 
  custom:container-demuxer-webm: 4f35f7cbe854078d1ac9338744f61a02 -> 
  custom:container-demuxer-ogg: 62fdf1f143b41e24485cea50d1cbac27 -> 
  custom:video-encoder-webm-vp8: eb34c28f22e8b96e1ab97ce403110664 -> 
  custom:video-decoder-webm-vp8: 9c59270c3fd7afecdb556c50c9e8de78 -> 
  custom:audio-decoder-ogg-vorbis: bf7c407c2cedff20999df2af8eb42d56 -> 
  custom:audio-encoder-webm-vorbis: bf7c407c2cedff20999df2af8eb42d56 -> 
========================================================================
Received Import Request.
  Time since last request: 520.102771 seconds.
  path: Assets/Graphics/Tilemap/Trees.png
  artifactKey: Guid(bd9696db4792cb24096d7788a7ad97e2) Importer(815301076,1909f56bfc062723c751e8b465ee728b)
Start importing Assets/Graphics/Tilemap/Trees.png using Guid(bd9696db4792cb24096d7788a7ad97e2) Importer(815301076,1909f56bfc062723c751e8b465ee728b)  -> (artifact id: 'a7b5ca3916639fa966d7b769c54cb17d') in 0.107971 seconds 
  Import took 0.148231 seconds .

========================================================================
Received Import Request.
  Time since last request: 16.494511 seconds.
  path: Assets/Graphics/Tilemap/Trees.png
  artifactKey: Guid(bd9696db4792cb24096d7788a7ad97e2) Importer(815301076,1909f56bfc062723c751e8b465ee728b)
Start importing Assets/Graphics/Tilemap/Trees.png using Guid(bd9696db4792cb24096d7788a7ad97e2) Importer(815301076,1909f56bfc062723c751e8b465ee728b)  -> (artifact id: '8f02aa09ca39d441868ad41623a5d1aa') in 0.015962 seconds 
  Import took 0.022858 seconds .

========================================================================
Received Import Request.
  Time since last request: 0.006897 seconds.
  path: Assets/Graphics/Tilemap/Trees.png
  artifactKey: Guid(bd9696db4792cb24096d7788a7ad97e2) Importer(815301076,1909f56bfc062723c751e8b465ee728b)
Start importing Assets/Graphics/Tilemap/Trees.png using Guid(bd9696db4792cb24096d7788a7ad97e2) Importer(815301076,1909f56bfc062723c751e8b465ee728b)  -> (artifact id: '8f02aa09ca39d441868ad41623a5d1aa') in 0.009805 seconds 
  Import took 0.016838 seconds .

========================================================================
Received Import Request.
  Time since last request: 20.493048 seconds.
  path: Assets/Graphics/Tilemap/Trees.png
  artifactKey: Guid(bd9696db4792cb24096d7788a7ad97e2) Importer(815301076,1909f56bfc062723c751e8b465ee728b)
Start importing Assets/Graphics/Tilemap/Trees.png using Guid(bd9696db4792cb24096d7788a7ad97e2) Importer(815301076,1909f56bfc062723c751e8b465ee728b)  -> (artifact id: '21792736600160e5c379bbdbcdca3c41') in 0.012908 seconds 
  Import took 0.045769 seconds .

========================================================================
Received Import Request.
  Time since last request: 9.553982 seconds.
  path: Assets/Graphics/Tilemap/Trees.png
  artifactKey: Guid(bd9696db4792cb24096d7788a7ad97e2) Importer(815301076,1909f56bfc062723c751e8b465ee728b)
Start importing Assets/Graphics/Tilemap/Trees.png using Guid(bd9696db4792cb24096d7788a7ad97e2) Importer(815301076,1909f56bfc062723c751e8b465ee728b)  -> (artifact id: 'f610b2025fa8a72952cdad6cc502ac5b') in 0.035104 seconds 
  Import took 0.062811 seconds .

========================================================================
Received Import Request.
  Time since last request: 38.150701 seconds.
  path: Assets/Graphics/Tilemap/SpriteAtlas.spriteatlas
  artifactKey: Guid(ad3d1abbf203840439dec8ccca87eef3) Importer(815301076,1909f56bfc062723c751e8b465ee728b)
Start importing Assets/Graphics/Tilemap/SpriteAtlas.spriteatlas using Guid(ad3d1abbf203840439dec8ccca87eef3) Importer(815301076,1909f56bfc062723c751e8b465ee728b)  -> (artifact id: '6e40a25b7b82e90e0e579554c861c0b3') in 0.007663 seconds 
  Import took 0.057982 seconds .

========================================================================
Received Import Request.
  Time since last request: 10.656933 seconds.
  path: Assets/Graphics/Tilemap/ForestTiles/Environment/Trees_0.asset
  artifactKey: Guid(d43b0a49c73db3d4a901816c63858567) Importer(815301076,1909f56bfc062723c751e8b465ee728b)
Start importing Assets/Graphics/Tilemap/ForestTiles/Environment/Trees_0.asset using Guid(d43b0a49c73db3d4a901816c63858567) Importer(815301076,1909f56bfc062723c751e8b465ee728b)  -> (artifact id: '1aac7775a411b078f32392d285a0d40f') in 0.025494 seconds 
  Import took 0.049967 seconds .

========================================================================
Received Import Request.
  Time since last request: 0.000411 seconds.
  path: Assets/Graphics/Tilemap/ForestTiles/Environment/Trees_1.asset
  artifactKey: Guid(d096fc934a12c3149976515f151e2f01) Importer(815301076,1909f56bfc062723c751e8b465ee728b)
Start importing Assets/Graphics/Tilemap/ForestTiles/Environment/Trees_1.asset using Guid(d096fc934a12c3149976515f151e2f01) Importer(815301076,1909f56bfc062723c751e8b465ee728b)  -> (artifact id: '775710802966f384c943210e4bb757ac') in 0.028578 seconds 
  Import took 0.032601 seconds .

========================================================================
Received Import Request.
  Time since last request: 10.915623 seconds.
  path: Assets/Graphics/Tilemap/ForestTiles/Environment/Trees_0.asset
  artifactKey: Guid(d43b0a49c73db3d4a901816c63858567) Importer(815301076,1909f56bfc062723c751e8b465ee728b)
Start importing Assets/Graphics/Tilemap/ForestTiles/Environment/Trees_0.asset using Guid(d43b0a49c73db3d4a901816c63858567) Importer(815301076,1909f56bfc062723c751e8b465ee728b)  -> (artifact id: '526a27c7593e6780357706a07864a022') in 0.012980 seconds 
  Import took 0.017481 seconds .

========================================================================
Received Import Request.
  Time since last request: 0.000290 seconds.
  path: Assets/Graphics/Tilemap/ForestTiles/Environment/Trees_1.asset
  artifactKey: Guid(d096fc934a12c3149976515f151e2f01) Importer(815301076,1909f56bfc062723c751e8b465ee728b)
Start importing Assets/Graphics/Tilemap/ForestTiles/Environment/Trees_1.asset using Guid(d096fc934a12c3149976515f151e2f01) Importer(815301076,1909f56bfc062723c751e8b465ee728b)  -> (artifact id: '4ce3ac9f1f97302fa6f5d44be4e0d99c') in 0.015625 seconds 
  Import took 0.044760 seconds .

========================================================================
Received Prepare
Registering precompiled user dll's ...
Registered in 0.005348 seconds.
Begin MonoManager ReloadAssembly
Native extension for WindowsStandalone target not found
Refreshing native plugins compatible for Editor in 0.51 ms, found 3 plugins.
Preloading 0 native plugins for Editor in 0.00 ms.
Mono: successfully reloaded assembly
- Completed reload, in  1.460 seconds
Platform modules already initialized, skipping
Refreshing native plugins compatible for Editor in 0.53 ms, found 3 plugins.
Preloading 0 native plugins for Editor in 0.00 ms.
Unloading 2130 Unused Serialized files (Serialized files now loaded: 0)
System memory in use before: 99.2 MB.
System memory in use after: 99.3 MB.

Unloading 22 unused Assets to reduce memory usage. Loaded Objects now: 2736.
Total: 2.901700 ms (FindLiveObjects: 0.320400 ms CreateObjectMapping: 0.113500 ms MarkObjects: 2.310100 ms  DeleteObjects: 0.156500 ms)

AssetImportParameters requested are different than current active one (requested -> active):
  custom:framework-win-MediaFoundation: 216162199b28c13a410421893ffa2e32 -> 
  custom:video-decoder-ogg-theora: a1e56fd34408186e4bbccfd4996cb3dc -> 
  custom:container-muxer-webm: aa71ff27fc2769a1b78a27578f13a17b -> 
  custom:container-demuxer-webm: 4f35f7cbe854078d1ac9338744f61a02 -> 
  custom:container-demuxer-ogg: 62fdf1f143b41e24485cea50d1cbac27 -> 
  custom:video-encoder-webm-vp8: eb34c28f22e8b96e1ab97ce403110664 -> 
  custom:video-decoder-webm-vp8: 9c59270c3fd7afecdb556c50c9e8de78 -> 
  custom:audio-decoder-ogg-vorbis: bf7c407c2cedff20999df2af8eb42d56 -> 
  custom:audio-encoder-webm-vorbis: bf7c407c2cedff20999df2af8eb42d56 -> 
========================================================================
Received Prepare
Registering precompiled user dll's ...
Registered in 0.007412 seconds.
Begin MonoManager ReloadAssembly
Native extension for WindowsStandalone target not found
Refreshing native plugins compatible for Editor in 1.00 ms, found 3 plugins.
Preloading 0 native plugins for Editor in 0.00 ms.
Mono: successfully reloaded assembly
- Completed reload, in  1.939 seconds
Platform modules already initialized, skipping
Refreshing native plugins compatible for Editor in 3.64 ms, found 3 plugins.
Preloading 0 native plugins for Editor in 0.00 ms.
Unloading 2130 Unused Serialized files (Serialized files now loaded: 0)
System memory in use before: 99.1 MB.
System memory in use after: 99.2 MB.

Unloading 21 unused Assets to reduce memory usage. Loaded Objects now: 2740.
Total: 4.354700 ms (FindLiveObjects: 0.283600 ms CreateObjectMapping: 0.322200 ms MarkObjects: 3.611500 ms  DeleteObjects: 0.135900 ms)

AssetImportParameters requested are different than current active one (requested -> active):
  custom:framework-win-MediaFoundation: 216162199b28c13a410421893ffa2e32 -> 
  custom:video-decoder-ogg-theora: a1e56fd34408186e4bbccfd4996cb3dc -> 
  custom:container-muxer-webm: aa71ff27fc2769a1b78a27578f13a17b -> 
  custom:container-demuxer-webm: 4f35f7cbe854078d1ac9338744f61a02 -> 
  custom:container-demuxer-ogg: 62fdf1f143b41e24485cea50d1cbac27 -> 
  custom:video-encoder-webm-vp8: eb34c28f22e8b96e1ab97ce403110664 -> 
  custom:video-decoder-webm-vp8: 9c59270c3fd7afecdb556c50c9e8de78 -> 
  custom:audio-decoder-ogg-vorbis: bf7c407c2cedff20999df2af8eb42d56 -> 
  custom:audio-encoder-webm-vorbis: bf7c407c2cedff20999df2af8eb42d56 -> 
========================================================================
Received Prepare
Registering precompiled user dll's ...
Registered in 0.006025 seconds.
Begin MonoManager ReloadAssembly
Native extension for WindowsStandalone target not found
Refreshing native plugins compatible for Editor in 0.86 ms, found 3 plugins.
Preloading 0 native plugins for Editor in 0.00 ms.
Mono: successfully reloaded assembly
- Completed reload, in  1.756 seconds
Platform modules already initialized, skipping
Refreshing native plugins compatible for Editor in 0.78 ms, found 3 plugins.
Preloading 0 native plugins for Editor in 0.00 ms.
Unloading 2130 Unused Serialized files (Serialized files now loaded: 0)
System memory in use before: 99.1 MB.
System memory in use after: 99.2 MB.

Unloading 21 unused Assets to reduce memory usage. Loaded Objects now: 2744.
Total: 4.019300 ms (FindLiveObjects: 0.575000 ms CreateObjectMapping: 0.305400 ms MarkObjects: 2.878300 ms  DeleteObjects: 0.258800 ms)

AssetImportParameters requested are different than current active one (requested -> active):
  custom:framework-win-MediaFoundation: 216162199b28c13a410421893ffa2e32 -> 
  custom:video-decoder-ogg-theora: a1e56fd34408186e4bbccfd4996cb3dc -> 
  custom:container-muxer-webm: aa71ff27fc2769a1b78a27578f13a17b -> 
  custom:container-demuxer-webm: 4f35f7cbe854078d1ac9338744f61a02 -> 
  custom:container-demuxer-ogg: 62fdf1f143b41e24485cea50d1cbac27 -> 
  custom:video-encoder-webm-vp8: eb34c28f22e8b96e1ab97ce403110664 -> 
  custom:video-decoder-webm-vp8: 9c59270c3fd7afecdb556c50c9e8de78 -> 
  custom:audio-decoder-ogg-vorbis: bf7c407c2cedff20999df2af8eb42d56 -> 
  custom:audio-encoder-webm-vorbis: bf7c407c2cedff20999df2af8eb42d56 -> 
========================================================================
Received Import Request.
  Time since last request: 434.636346 seconds.
  path: Assets/Graphics/Tilemap/GrassPath.png
  artifactKey: Guid(d3e2000df21c58e408533e810e6a3db8) Importer(815301076,1909f56bfc062723c751e8b465ee728b)
Start importing Assets/Graphics/Tilemap/GrassPath.png using Guid(d3e2000df21c58e408533e810e6a3db8) Importer(815301076,1909f56bfc062723c751e8b465ee728b)  -> (artifact id: '4e52051f73e6624c724aa997fa135617') in 0.057941 seconds 
  Import took 0.074435 seconds .

========================================================================
Received Import Request.
  Time since last request: 0.000326 seconds.
  path: Assets/Graphics/Tilemap/SpriteAtlas.spriteatlas
  artifactKey: Guid(ad3d1abbf203840439dec8ccca87eef3) Importer(815301076,1909f56bfc062723c751e8b465ee728b)
Start importing Assets/Graphics/Tilemap/SpriteAtlas.spriteatlas using Guid(ad3d1abbf203840439dec8ccca87eef3) Importer(815301076,1909f56bfc062723c751e8b465ee728b)  -> (artifact id: '20b5eafbd79c36fb97f8ae1e123d3584') in 0.004429 seconds 
  Import took 0.012527 seconds .

========================================================================
Received Import Request.
  Time since last request: 9.402130 seconds.
  path: Assets/Graphics/Tilemap/GrassPath.png
  artifactKey: Guid(d3e2000df21c58e408533e810e6a3db8) Importer(815301076,1909f56bfc062723c751e8b465ee728b)
Start importing Assets/Graphics/Tilemap/GrassPath.png using Guid(d3e2000df21c58e408533e810e6a3db8) Importer(815301076,1909f56bfc062723c751e8b465ee728b)  -> (artifact id: '688bc3c6cfe3102f277bd4ddf1716c17') in 0.015387 seconds 
  Import took 0.031087 seconds .

========================================================================
Received Import Request.
  Time since last request: 0.003082 seconds.
  path: Assets/Graphics/Tilemap/GrassPath.png
  artifactKey: Guid(d3e2000df21c58e408533e810e6a3db8) Importer(815301076,1909f56bfc062723c751e8b465ee728b)
Start importing Assets/Graphics/Tilemap/GrassPath.png using Guid(d3e2000df21c58e408533e810e6a3db8) Importer(815301076,1909f56bfc062723c751e8b465ee728b)  -> (artifact id: '688bc3c6cfe3102f277bd4ddf1716c17') in 0.011418 seconds 
  Import took 0.015843 seconds .

========================================================================
Received Import Request.
  Time since last request: 5.430019 seconds.
  path: Assets/Graphics/Tilemap/GrassPath.png
  artifactKey: Guid(d3e2000df21c58e408533e810e6a3db8) Importer(815301076,1909f56bfc062723c751e8b465ee728b)
Start importing Assets/Graphics/Tilemap/GrassPath.png using Guid(d3e2000df21c58e408533e810e6a3db8) Importer(815301076,1909f56bfc062723c751e8b465ee728b)  -> (artifact id: '7e8a600575daf94460d28051352abe23') in 0.013568 seconds 
  Import took 0.031895 seconds .

========================================================================
Received Import Request.
  Time since last request: 17.668480 seconds.
  path: Assets/Graphics/Tilemap/GrassPath.png
  artifactKey: Guid(d3e2000df21c58e408533e810e6a3db8) Importer(815301076,1909f56bfc062723c751e8b465ee728b)
Start importing Assets/Graphics/Tilemap/GrassPath.png using Guid(d3e2000df21c58e408533e810e6a3db8) Importer(815301076,1909f56bfc062723c751e8b465ee728b)  -> (artifact id: '671de5fc9c5b14e51cdb814656ece74c') in 0.060600 seconds 
  Import took 0.076177 seconds .

